[0.016s] Invoking command in '/home/osten/Drone/build/px4_msgs': CMAKE_PREFIX_PATH=${CMAKE_PREFIX_PATH}:/opt/ros/jazzy DEBUGINFOD_URLS=https://debuginfod.ubuntu.com /usr/bin/cmake --build /home/osten/Drone/build/px4_msgs -- -j20 -l20
[1.178s] [  0%] Built target px4_msgs__rosidl_generator_type_description
[1.234s] [  0%] Built target ament_cmake_python_copy_px4_msgs
[1.245s] [  0%] Built target px4_msgs__cpp
[1.415s] [ 29%] Built target px4_msgs__rosidl_generator_c
[1.513s] running egg_info
[1.532s] [ 39%] Built target px4_msgs__rosidl_typesupport_introspection_c
[1.545s] [ 49%] Built target px4_msgs__rosidl_typesupport_c
[1.552s] writing px4_msgs.egg-info/PKG-INFO
[1.553s] writing dependency_links to px4_msgs.egg-info/dependency_links.txt
[1.553s] writing top-level names to px4_msgs.egg-info/top_level.txt
[1.578s] [ 59%] Built target px4_msgs__rosidl_typesupport_cpp
[1.604s] [ 69%] Built target px4_msgs__rosidl_typesupport_introspection_cpp
[1.608s] [ 79%] Built target px4_msgs__rosidl_typesupport_fastrtps_c
[1.617s] [ 89%] Built target px4_msgs__rosidl_typesupport_fastrtps_cpp
[1.638s] reading manifest file 'px4_msgs.egg-info/SOURCES.txt'
[1.640s] [ 89%] Built target px4_msgs
[1.641s] writing manifest file 'px4_msgs.egg-info/SOURCES.txt'
[1.675s] [ 89%] Built target ament_cmake_python_build_px4_msgs_egg
[1.675s] [ 89%] Built target px4_msgs__py
[1.826s] [ 99%] Built target px4_msgs__rosidl_generator_py
[1.857s] [ 99%] Built target px4_msgs_s__rosidl_typesupport_fastrtps_c
[1.858s] [100%] Built target px4_msgs_s__rosidl_typesupport_introspection_c
[1.860s] [100%] Built target px4_msgs_s__rosidl_typesupport_c
