[0.018s] Invoking command in '/home/osten/Drone/build/px4_msgs': CMAKE_PREFIX_PATH=${CMAKE_PREFIX_PATH}:/opt/ros/jazzy DEBUGINFOD_URLS=https://debuginfod.ubuntu.com /usr/bin/cmake --build /home/osten/Drone/build/px4_msgs -- -j20 -l20
[1.081s] [  0%] Built target px4_msgs__rosidl_generator_type_description
[1.134s] [  0%] Built target ament_cmake_python_copy_px4_msgs
[1.137s] [  0%] Built target px4_msgs__cpp
[1.315s] [ 29%] Built target px4_msgs__rosidl_generator_c
[1.428s] [ 39%] Built target px4_msgs__rosidl_typesupport_introspection_c
[1.434s] running egg_info
[1.438s] [ 49%] Built target px4_msgs__rosidl_typesupport_c
[1.456s] writing px4_msgs.egg-info/PKG-INFO
[1.456s] writing dependency_links to px4_msgs.egg-info/dependency_links.txt
[1.457s] writing top-level names to px4_msgs.egg-info/top_level.txt
[1.482s] [ 59%] Built target px4_msgs__rosidl_typesupport_introspection_cpp
[1.483s] [ 69%] Built target px4_msgs__rosidl_typesupport_cpp
[1.505s] [ 79%] Built target px4_msgs__rosidl_typesupport_fastrtps_c
[1.525s] [ 89%] Built target px4_msgs__rosidl_typesupport_fastrtps_cpp
[1.526s] reading manifest file 'px4_msgs.egg-info/SOURCES.txt'
[1.529s] writing manifest file 'px4_msgs.egg-info/SOURCES.txt'
[1.547s] [ 89%] Built target px4_msgs
[1.569s] [ 89%] Built target ament_cmake_python_build_px4_msgs_egg
[1.581s] [ 89%] Built target px4_msgs__py
[1.724s] [ 99%] Built target px4_msgs__rosidl_generator_py
[1.754s] [100%] Built target px4_msgs_s__rosidl_typesupport_introspection_c
[1.756s] [100%] Built target px4_msgs_s__rosidl_typesupport_c
[1.757s] [100%] Built target px4_msgs_s__rosidl_typesupport_fastrtps_c
