[0.297s] DEBUG:colcon:Command line arguments: ['/usr/bin/colcon', 'build']
[0.297s] DEBUG:colcon:Parsed command line arguments: Namespace(log_base=None, log_level=None, verb_name='build', build_base='build', install_base='install', merge_install=False, symlink_install=False, test_result_base=None, continue_on_error=False, executor='parallel', parallel_workers=20, event_handlers=None, ignore_user_meta=False, metas=['./colcon.meta'], base_paths=['.'], packages_ignore=None, packages_ignore_regex=None, paths=None, packages_up_to=None, packages_up_to_regex=None, packages_above=None, packages_above_and_dependencies=None, packages_above_depth=None, packages_select_by_dep=None, packages_skip_by_dep=None, packages_skip_up_to=None, packages_select_build_failed=False, packages_skip_build_finished=False, packages_select_test_failures=False, packages_skip_test_passed=False, packages_select=None, packages_skip=None, packages_select_regex=None, packages_skip_regex=None, packages_start=None, packages_end=None, cmake_args=None, cmake_target=None, cmake_target_skip_unavailable=False, cmake_clean_cache=False, cmake_clean_first=False, cmake_force_configure=False, ament_cmake_args=None, catkin_cmake_args=None, catkin_skip_building_tests=False, verb_parser=<colcon_defaults.argument_parser.defaults.DefaultArgumentsDecorator object at 0x7fd7cb418b00>, verb_extension=<colcon_core.verb.build.BuildVerb object at 0x7fd7cb535580>, main=<bound method BuildVerb.main of <colcon_core.verb.build.BuildVerb object at 0x7fd7cb535580>>)
[0.343s] Level 1:colcon.colcon_core.package_discovery:discover_packages(colcon_meta) check parameters
[0.343s] Level 1:colcon.colcon_core.package_discovery:discover_packages(recursive) check parameters
[0.343s] Level 1:colcon.colcon_core.package_discovery:discover_packages(ignore) check parameters
[0.343s] Level 1:colcon.colcon_core.package_discovery:discover_packages(path) check parameters
[0.343s] Level 1:colcon.colcon_core.package_discovery:discover_packages(colcon_meta) discover
[0.343s] Level 1:colcon.colcon_core.package_discovery:discover_packages(recursive) discover
[0.344s] INFO:colcon.colcon_core.package_discovery:Crawling recursively for packages in '/home/osten/Drone'
[0.344s] Level 1:colcon.colcon_core.package_identification:_identify(.) by extensions ['ignore', 'ignore_ament_install']
[0.344s] Level 1:colcon.colcon_core.package_identification:_identify(.) by extension 'ignore'
[0.344s] Level 1:colcon.colcon_core.package_identification:_identify(.) by extension 'ignore_ament_install'
[0.344s] Level 1:colcon.colcon_core.package_identification:_identify(.) by extensions ['colcon_pkg']
[0.344s] Level 1:colcon.colcon_core.package_identification:_identify(.) by extension 'colcon_pkg'
[0.344s] Level 1:colcon.colcon_core.package_identification:_identify(.) by extensions ['colcon_meta']
[0.344s] Level 1:colcon.colcon_core.package_identification:_identify(.) by extension 'colcon_meta'
[0.344s] Level 1:colcon.colcon_core.package_identification:_identify(.) by extensions ['ros']
[0.344s] Level 1:colcon.colcon_core.package_identification:_identify(.) by extension 'ros'
[0.376s] Level 1:colcon.colcon_core.package_identification:_identify(.) by extensions ['cmake', 'python']
[0.376s] Level 1:colcon.colcon_core.package_identification:_identify(.) by extension 'cmake'
[0.376s] Level 1:colcon.colcon_core.package_identification:_identify(.) by extension 'python'
[0.376s] Level 1:colcon.colcon_core.package_identification:_identify(.) by extensions ['python_setup_py']
[0.376s] Level 1:colcon.colcon_core.package_identification:_identify(.) by extension 'python_setup_py'
[0.377s] Level 1:colcon.colcon_core.package_identification:_identify(build) by extensions ['ignore', 'ignore_ament_install']
[0.377s] Level 1:colcon.colcon_core.package_identification:_identify(build) by extension 'ignore'
[0.377s] Level 1:colcon.colcon_core.package_identification:_identify(build) ignored
[0.377s] Level 1:colcon.colcon_core.package_identification:_identify(install) by extensions ['ignore', 'ignore_ament_install']
[0.377s] Level 1:colcon.colcon_core.package_identification:_identify(install) by extension 'ignore'
[0.377s] Level 1:colcon.colcon_core.package_identification:_identify(install) ignored
[0.377s] Level 1:colcon.colcon_core.package_identification:_identify(log) by extensions ['ignore', 'ignore_ament_install']
[0.377s] Level 1:colcon.colcon_core.package_identification:_identify(log) by extension 'ignore'
[0.377s] Level 1:colcon.colcon_core.package_identification:_identify(log) ignored
[0.377s] Level 1:colcon.colcon_core.package_identification:_identify(src) by extensions ['ignore', 'ignore_ament_install']
[0.377s] Level 1:colcon.colcon_core.package_identification:_identify(src) by extension 'ignore'
[0.377s] Level 1:colcon.colcon_core.package_identification:_identify(src) by extension 'ignore_ament_install'
[0.378s] Level 1:colcon.colcon_core.package_identification:_identify(src) by extensions ['colcon_pkg']
[0.378s] Level 1:colcon.colcon_core.package_identification:_identify(src) by extension 'colcon_pkg'
[0.378s] Level 1:colcon.colcon_core.package_identification:_identify(src) by extensions ['colcon_meta']
[0.378s] Level 1:colcon.colcon_core.package_identification:_identify(src) by extension 'colcon_meta'
[0.378s] Level 1:colcon.colcon_core.package_identification:_identify(src) by extensions ['ros']
[0.378s] Level 1:colcon.colcon_core.package_identification:_identify(src) by extension 'ros'
[0.378s] Level 1:colcon.colcon_core.package_identification:_identify(src) by extensions ['cmake', 'python']
[0.378s] Level 1:colcon.colcon_core.package_identification:_identify(src) by extension 'cmake'
[0.378s] Level 1:colcon.colcon_core.package_identification:_identify(src) by extension 'python'
[0.378s] Level 1:colcon.colcon_core.package_identification:_identify(src) by extensions ['python_setup_py']
[0.378s] Level 1:colcon.colcon_core.package_identification:_identify(src) by extension 'python_setup_py'
[0.378s] Level 1:colcon.colcon_core.package_identification:_identify(src/control) by extensions ['ignore', 'ignore_ament_install']
[0.378s] Level 1:colcon.colcon_core.package_identification:_identify(src/control) by extension 'ignore'
[0.378s] Level 1:colcon.colcon_core.package_identification:_identify(src/control) by extension 'ignore_ament_install'
[0.378s] Level 1:colcon.colcon_core.package_identification:_identify(src/control) by extensions ['colcon_pkg']
[0.378s] Level 1:colcon.colcon_core.package_identification:_identify(src/control) by extension 'colcon_pkg'
[0.378s] Level 1:colcon.colcon_core.package_identification:_identify(src/control) by extensions ['colcon_meta']
[0.378s] Level 1:colcon.colcon_core.package_identification:_identify(src/control) by extension 'colcon_meta'
[0.378s] Level 1:colcon.colcon_core.package_identification:_identify(src/control) by extensions ['ros']
[0.378s] Level 1:colcon.colcon_core.package_identification:_identify(src/control) by extension 'ros'
[0.383s] DEBUG:colcon.colcon_core.package_identification:Package 'src/control' with type 'ros.ament_cmake' and name 'control'
[0.384s] Level 1:colcon.colcon_core.package_identification:_identify(src/px4_msgs) by extensions ['ignore', 'ignore_ament_install']
[0.384s] Level 1:colcon.colcon_core.package_identification:_identify(src/px4_msgs) by extension 'ignore'
[0.384s] Level 1:colcon.colcon_core.package_identification:_identify(src/px4_msgs) by extension 'ignore_ament_install'
[0.384s] Level 1:colcon.colcon_core.package_identification:_identify(src/px4_msgs) by extensions ['colcon_pkg']
[0.384s] Level 1:colcon.colcon_core.package_identification:_identify(src/px4_msgs) by extension 'colcon_pkg'
[0.384s] Level 1:colcon.colcon_core.package_identification:_identify(src/px4_msgs) by extensions ['colcon_meta']
[0.384s] Level 1:colcon.colcon_core.package_identification:_identify(src/px4_msgs) by extension 'colcon_meta'
[0.384s] Level 1:colcon.colcon_core.package_identification:_identify(src/px4_msgs) by extensions ['ros']
[0.384s] Level 1:colcon.colcon_core.package_identification:_identify(src/px4_msgs) by extension 'ros'
[0.385s] DEBUG:colcon.colcon_core.package_identification:Package 'src/px4_msgs' with type 'ros.ament_cmake' and name 'px4_msgs'
[0.385s] Level 1:colcon.colcon_core.package_identification:_identify(src/sensor) by extensions ['ignore', 'ignore_ament_install']
[0.385s] Level 1:colcon.colcon_core.package_identification:_identify(src/sensor) by extension 'ignore'
[0.385s] Level 1:colcon.colcon_core.package_identification:_identify(src/sensor) by extension 'ignore_ament_install'
[0.385s] Level 1:colcon.colcon_core.package_identification:_identify(src/sensor) by extensions ['colcon_pkg']
[0.385s] Level 1:colcon.colcon_core.package_identification:_identify(src/sensor) by extension 'colcon_pkg'
[0.385s] Level 1:colcon.colcon_core.package_identification:_identify(src/sensor) by extensions ['colcon_meta']
[0.385s] Level 1:colcon.colcon_core.package_identification:_identify(src/sensor) by extension 'colcon_meta'
[0.385s] Level 1:colcon.colcon_core.package_identification:_identify(src/sensor) by extensions ['ros']
[0.385s] Level 1:colcon.colcon_core.package_identification:_identify(src/sensor) by extension 'ros'
[0.386s] DEBUG:colcon.colcon_core.package_identification:Package 'src/sensor' with type 'ros.ament_cmake' and name 'sensor'
[0.387s] Level 1:colcon.colcon_core.package_identification:_identify(src/system_launch) by extensions ['ignore', 'ignore_ament_install']
[0.387s] Level 1:colcon.colcon_core.package_identification:_identify(src/system_launch) by extension 'ignore'
[0.387s] Level 1:colcon.colcon_core.package_identification:_identify(src/system_launch) by extension 'ignore_ament_install'
[0.387s] Level 1:colcon.colcon_core.package_identification:_identify(src/system_launch) by extensions ['colcon_pkg']
[0.387s] Level 1:colcon.colcon_core.package_identification:_identify(src/system_launch) by extension 'colcon_pkg'
[0.387s] Level 1:colcon.colcon_core.package_identification:_identify(src/system_launch) by extensions ['colcon_meta']
[0.387s] Level 1:colcon.colcon_core.package_identification:_identify(src/system_launch) by extension 'colcon_meta'
[0.387s] Level 1:colcon.colcon_core.package_identification:_identify(src/system_launch) by extensions ['ros']
[0.387s] Level 1:colcon.colcon_core.package_identification:_identify(src/system_launch) by extension 'ros'
[0.387s] DEBUG:colcon.colcon_core.package_identification:Package 'src/system_launch' with type 'ros.ament_cmake' and name 'system_launch'
[0.388s] Level 1:colcon.colcon_core.package_identification:_identify(src/test) by extensions ['ignore', 'ignore_ament_install']
[0.388s] Level 1:colcon.colcon_core.package_identification:_identify(src/test) by extension 'ignore'
[0.388s] Level 1:colcon.colcon_core.package_identification:_identify(src/test) by extension 'ignore_ament_install'
[0.388s] Level 1:colcon.colcon_core.package_identification:_identify(src/test) by extensions ['colcon_pkg']
[0.388s] Level 1:colcon.colcon_core.package_identification:_identify(src/test) by extension 'colcon_pkg'
[0.388s] Level 1:colcon.colcon_core.package_identification:_identify(src/test) by extensions ['colcon_meta']
[0.388s] Level 1:colcon.colcon_core.package_identification:_identify(src/test) by extension 'colcon_meta'
[0.388s] Level 1:colcon.colcon_core.package_identification:_identify(src/test) by extensions ['ros']
[0.388s] Level 1:colcon.colcon_core.package_identification:_identify(src/test) by extension 'ros'
[0.389s] DEBUG:colcon.colcon_core.package_identification:Package 'src/test' with type 'ros.ament_cmake' and name 'test'
[0.389s] Level 1:colcon.colcon_core.package_discovery:discover_packages(recursive) using defaults
[0.389s] Level 1:colcon.colcon_core.package_discovery:discover_packages(ignore) discover
[0.389s] Level 1:colcon.colcon_core.package_discovery:discover_packages(ignore) using defaults
[0.389s] Level 1:colcon.colcon_core.package_discovery:discover_packages(path) discover
[0.389s] Level 1:colcon.colcon_core.package_discovery:discover_packages(path) using defaults
[0.412s] Level 5:colcon.colcon_core.verb:set package 'px4_msgs' build argument 'cmake_args' from command line to 'None'
[0.412s] Level 5:colcon.colcon_core.verb:set package 'px4_msgs' build argument 'cmake_target' from command line to 'None'
[0.412s] Level 5:colcon.colcon_core.verb:set package 'px4_msgs' build argument 'cmake_target_skip_unavailable' from command line to 'False'
[0.412s] Level 5:colcon.colcon_core.verb:set package 'px4_msgs' build argument 'cmake_clean_cache' from command line to 'False'
[0.412s] Level 5:colcon.colcon_core.verb:set package 'px4_msgs' build argument 'cmake_clean_first' from command line to 'False'
[0.412s] Level 5:colcon.colcon_core.verb:set package 'px4_msgs' build argument 'cmake_force_configure' from command line to 'False'
[0.412s] Level 5:colcon.colcon_core.verb:set package 'px4_msgs' build argument 'ament_cmake_args' from command line to 'None'
[0.412s] Level 5:colcon.colcon_core.verb:set package 'px4_msgs' build argument 'catkin_cmake_args' from command line to 'None'
[0.412s] Level 5:colcon.colcon_core.verb:set package 'px4_msgs' build argument 'catkin_skip_building_tests' from command line to 'False'
[0.412s] DEBUG:colcon.colcon_core.verb:Building package 'px4_msgs' with the following arguments: {'ament_cmake_args': None, 'build_base': '/home/osten/Drone/build/px4_msgs', 'catkin_cmake_args': None, 'catkin_skip_building_tests': False, 'cmake_args': None, 'cmake_clean_cache': False, 'cmake_clean_first': False, 'cmake_force_configure': False, 'cmake_target': None, 'cmake_target_skip_unavailable': False, 'install_base': '/home/osten/Drone/install/px4_msgs', 'merge_install': False, 'path': '/home/osten/Drone/src/px4_msgs', 'symlink_install': False, 'test_result_base': None}
[0.412s] Level 5:colcon.colcon_core.verb:set package 'test' build argument 'cmake_args' from command line to 'None'
[0.413s] Level 5:colcon.colcon_core.verb:set package 'test' build argument 'cmake_target' from command line to 'None'
[0.413s] Level 5:colcon.colcon_core.verb:set package 'test' build argument 'cmake_target_skip_unavailable' from command line to 'False'
[0.413s] Level 5:colcon.colcon_core.verb:set package 'test' build argument 'cmake_clean_cache' from command line to 'False'
[0.413s] Level 5:colcon.colcon_core.verb:set package 'test' build argument 'cmake_clean_first' from command line to 'False'
[0.413s] Level 5:colcon.colcon_core.verb:set package 'test' build argument 'cmake_force_configure' from command line to 'False'
[0.413s] Level 5:colcon.colcon_core.verb:set package 'test' build argument 'ament_cmake_args' from command line to 'None'
[0.413s] Level 5:colcon.colcon_core.verb:set package 'test' build argument 'catkin_cmake_args' from command line to 'None'
[0.413s] Level 5:colcon.colcon_core.verb:set package 'test' build argument 'catkin_skip_building_tests' from command line to 'False'
[0.413s] DEBUG:colcon.colcon_core.verb:Building package 'test' with the following arguments: {'ament_cmake_args': None, 'build_base': '/home/osten/Drone/build/test', 'catkin_cmake_args': None, 'catkin_skip_building_tests': False, 'cmake_args': None, 'cmake_clean_cache': False, 'cmake_clean_first': False, 'cmake_force_configure': False, 'cmake_target': None, 'cmake_target_skip_unavailable': False, 'install_base': '/home/osten/Drone/install/test', 'merge_install': False, 'path': '/home/osten/Drone/src/test', 'symlink_install': False, 'test_result_base': None}
[0.413s] Level 5:colcon.colcon_core.verb:set package 'control' build argument 'cmake_args' from command line to 'None'
[0.413s] Level 5:colcon.colcon_core.verb:set package 'control' build argument 'cmake_target' from command line to 'None'
[0.413s] Level 5:colcon.colcon_core.verb:set package 'control' build argument 'cmake_target_skip_unavailable' from command line to 'False'
[0.413s] Level 5:colcon.colcon_core.verb:set package 'control' build argument 'cmake_clean_cache' from command line to 'False'
[0.413s] Level 5:colcon.colcon_core.verb:set package 'control' build argument 'cmake_clean_first' from command line to 'False'
[0.413s] Level 5:colcon.colcon_core.verb:set package 'control' build argument 'cmake_force_configure' from command line to 'False'
[0.413s] Level 5:colcon.colcon_core.verb:set package 'control' build argument 'ament_cmake_args' from command line to 'None'
[0.413s] Level 5:colcon.colcon_core.verb:set package 'control' build argument 'catkin_cmake_args' from command line to 'None'
[0.413s] Level 5:colcon.colcon_core.verb:set package 'control' build argument 'catkin_skip_building_tests' from command line to 'False'
[0.413s] DEBUG:colcon.colcon_core.verb:Building package 'control' with the following arguments: {'ament_cmake_args': None, 'build_base': '/home/osten/Drone/build/control', 'catkin_cmake_args': None, 'catkin_skip_building_tests': False, 'cmake_args': None, 'cmake_clean_cache': False, 'cmake_clean_first': False, 'cmake_force_configure': False, 'cmake_target': None, 'cmake_target_skip_unavailable': False, 'install_base': '/home/osten/Drone/install/control', 'merge_install': False, 'path': '/home/osten/Drone/src/control', 'symlink_install': False, 'test_result_base': None}
[0.413s] Level 5:colcon.colcon_core.verb:set package 'sensor' build argument 'cmake_args' from command line to 'None'
[0.414s] Level 5:colcon.colcon_core.verb:set package 'sensor' build argument 'cmake_target' from command line to 'None'
[0.414s] Level 5:colcon.colcon_core.verb:set package 'sensor' build argument 'cmake_target_skip_unavailable' from command line to 'False'
[0.414s] Level 5:colcon.colcon_core.verb:set package 'sensor' build argument 'cmake_clean_cache' from command line to 'False'
[0.414s] Level 5:colcon.colcon_core.verb:set package 'sensor' build argument 'cmake_clean_first' from command line to 'False'
[0.414s] Level 5:colcon.colcon_core.verb:set package 'sensor' build argument 'cmake_force_configure' from command line to 'False'
[0.414s] Level 5:colcon.colcon_core.verb:set package 'sensor' build argument 'ament_cmake_args' from command line to 'None'
[0.414s] Level 5:colcon.colcon_core.verb:set package 'sensor' build argument 'catkin_cmake_args' from command line to 'None'
[0.414s] Level 5:colcon.colcon_core.verb:set package 'sensor' build argument 'catkin_skip_building_tests' from command line to 'False'
[0.414s] DEBUG:colcon.colcon_core.verb:Building package 'sensor' with the following arguments: {'ament_cmake_args': None, 'build_base': '/home/osten/Drone/build/sensor', 'catkin_cmake_args': None, 'catkin_skip_building_tests': False, 'cmake_args': None, 'cmake_clean_cache': False, 'cmake_clean_first': False, 'cmake_force_configure': False, 'cmake_target': None, 'cmake_target_skip_unavailable': False, 'install_base': '/home/osten/Drone/install/sensor', 'merge_install': False, 'path': '/home/osten/Drone/src/sensor', 'symlink_install': False, 'test_result_base': None}
[0.414s] Level 5:colcon.colcon_core.verb:set package 'system_launch' build argument 'cmake_args' from command line to 'None'
[0.414s] Level 5:colcon.colcon_core.verb:set package 'system_launch' build argument 'cmake_target' from command line to 'None'
[0.414s] Level 5:colcon.colcon_core.verb:set package 'system_launch' build argument 'cmake_target_skip_unavailable' from command line to 'False'
[0.414s] Level 5:colcon.colcon_core.verb:set package 'system_launch' build argument 'cmake_clean_cache' from command line to 'False'
[0.414s] Level 5:colcon.colcon_core.verb:set package 'system_launch' build argument 'cmake_clean_first' from command line to 'False'
[0.414s] Level 5:colcon.colcon_core.verb:set package 'system_launch' build argument 'cmake_force_configure' from command line to 'False'
[0.414s] Level 5:colcon.colcon_core.verb:set package 'system_launch' build argument 'ament_cmake_args' from command line to 'None'
[0.414s] Level 5:colcon.colcon_core.verb:set package 'system_launch' build argument 'catkin_cmake_args' from command line to 'None'
[0.414s] Level 5:colcon.colcon_core.verb:set package 'system_launch' build argument 'catkin_skip_building_tests' from command line to 'False'
[0.414s] DEBUG:colcon.colcon_core.verb:Building package 'system_launch' with the following arguments: {'ament_cmake_args': None, 'build_base': '/home/osten/Drone/build/system_launch', 'catkin_cmake_args': None, 'catkin_skip_building_tests': False, 'cmake_args': None, 'cmake_clean_cache': False, 'cmake_clean_first': False, 'cmake_force_configure': False, 'cmake_target': None, 'cmake_target_skip_unavailable': False, 'install_base': '/home/osten/Drone/install/system_launch', 'merge_install': False, 'path': '/home/osten/Drone/src/system_launch', 'symlink_install': False, 'test_result_base': None}
[0.414s] INFO:colcon.colcon_core.executor:Executing jobs using 'parallel' executor
[0.415s] DEBUG:colcon.colcon_parallel_executor.executor.parallel:run_until_complete
[0.416s] INFO:colcon.colcon_ros.task.ament_cmake.build:Building ROS package in '/home/osten/Drone/src/px4_msgs' with build type 'ament_cmake'
[0.416s] INFO:colcon.colcon_cmake.task.cmake.build:Building CMake package in '/home/osten/Drone/src/px4_msgs'
[0.418s] INFO:colcon.colcon_core.plugin_system:Skipping extension 'colcon_core.shell.bat': Not used on non-Windows systems
[0.418s] DEBUG:colcon.colcon_core.shell:Skip shell extension 'dsv' for command environment
[0.425s] INFO:colcon.colcon_ros.task.ament_cmake.build:Building ROS package in '/home/osten/Drone/src/test' with build type 'ament_cmake'
[0.425s] INFO:colcon.colcon_cmake.task.cmake.build:Building CMake package in '/home/osten/Drone/src/test'
[0.426s] DEBUG:colcon.colcon_core.shell:Skip shell extension 'dsv' for command environment
[0.436s] DEBUG:colcon.colcon_core.event_handler.log_command:Invoking command in '/home/osten/Drone/build/px4_msgs': CMAKE_PREFIX_PATH=${CMAKE_PREFIX_PATH}:/opt/ros/jazzy DEBUGINFOD_URLS=https://debuginfod.ubuntu.com /usr/bin/cmake --build /home/osten/Drone/build/px4_msgs -- -j20 -l20
[0.445s] DEBUG:colcon.colcon_core.event_handler.log_command:Invoking command in '/home/osten/Drone/build/test': CMAKE_PREFIX_PATH=${CMAKE_PREFIX_PATH}:/opt/ros/jazzy DEBUGINFOD_URLS=https://debuginfod.ubuntu.com /usr/bin/cmake --build /home/osten/Drone/build/test -- -j20 -l20
[2.239s] DEBUG:colcon.colcon_core.event_handler.log_command:Invoked command in '/home/osten/Drone/build/px4_msgs' returned '0': CMAKE_PREFIX_PATH=${CMAKE_PREFIX_PATH}:/opt/ros/jazzy DEBUGINFOD_URLS=https://debuginfod.ubuntu.com /usr/bin/cmake --build /home/osten/Drone/build/px4_msgs -- -j20 -l20
[2.249s] DEBUG:colcon.colcon_core.event_handler.log_command:Invoking command in '/home/osten/Drone/build/px4_msgs': CMAKE_PREFIX_PATH=${CMAKE_PREFIX_PATH}:/opt/ros/jazzy DEBUGINFOD_URLS=https://debuginfod.ubuntu.com /usr/bin/cmake --install /home/osten/Drone/build/px4_msgs
[2.795s] Level 1:colcon.colcon_core.environment:create_environment_scripts_only(px4_msgs)
[2.879s] Level 1:colcon.colcon_core.environment:checking '/home/osten/Drone/install/px4_msgs' for CMake module files
[2.910s] Level 1:colcon.colcon_core.environment:checking '/home/osten/Drone/install/px4_msgs' for CMake config files
[3.134s] Level 1:colcon.colcon_core.shell:create_environment_hook('px4_msgs', 'cmake_prefix_path')
[3.134s] INFO:colcon.colcon_core.shell:Creating environment descriptor '/home/osten/Drone/install/px4_msgs/share/px4_msgs/hook/cmake_prefix_path.dsv'
[3.138s] INFO:colcon.colcon_core.shell:Creating environment hook '/home/osten/Drone/install/px4_msgs/share/px4_msgs/hook/cmake_prefix_path.sh'
[3.156s] Level 1:colcon.colcon_core.environment:checking '/home/osten/Drone/install/px4_msgs/lib'
[3.163s] Level 1:colcon.colcon_core.shell:create_environment_hook('px4_msgs', 'ld_library_path_lib')
[3.164s] DEBUG:colcon.colcon_core.event_handler.log_command:Invoked command in '/home/osten/Drone/build/px4_msgs' returned '0': CMAKE_PREFIX_PATH=${CMAKE_PREFIX_PATH}:/opt/ros/jazzy DEBUGINFOD_URLS=https://debuginfod.ubuntu.com /usr/bin/cmake --install /home/osten/Drone/build/px4_msgs
[3.164s] INFO:colcon.colcon_core.shell:Creating environment descriptor '/home/osten/Drone/install/px4_msgs/share/px4_msgs/hook/ld_library_path_lib.dsv'
[3.165s] INFO:colcon.colcon_core.shell:Creating environment hook '/home/osten/Drone/install/px4_msgs/share/px4_msgs/hook/ld_library_path_lib.sh'
[3.166s] Level 1:colcon.colcon_core.environment:checking '/home/osten/Drone/install/px4_msgs/bin'
[3.166s] Level 1:colcon.colcon_core.environment:checking '/home/osten/Drone/install/px4_msgs/lib/pkgconfig/px4_msgs.pc'
[3.168s] Level 1:colcon.colcon_core.environment:checking '/home/osten/Drone/install/px4_msgs/lib/python3.12/site-packages'
[3.168s] Level 1:colcon.colcon_core.shell:create_environment_hook('px4_msgs', 'pythonpath')
[3.168s] INFO:colcon.colcon_core.shell:Creating environment descriptor '/home/osten/Drone/install/px4_msgs/share/px4_msgs/hook/pythonpath.dsv'
[3.169s] INFO:colcon.colcon_core.shell:Creating environment hook '/home/osten/Drone/install/px4_msgs/share/px4_msgs/hook/pythonpath.sh'
[3.169s] Level 1:colcon.colcon_core.environment:checking '/home/osten/Drone/install/px4_msgs/bin'
[3.170s] INFO:colcon.colcon_core.shell:Creating package descriptor '/home/osten/Drone/install/px4_msgs/share/px4_msgs/package.dsv'
[3.170s] INFO:colcon.colcon_core.shell:Creating package script '/home/osten/Drone/install/px4_msgs/share/px4_msgs/package.sh'
[3.171s] INFO:colcon.colcon_core.shell:Creating package script '/home/osten/Drone/install/px4_msgs/share/px4_msgs/package.bash'
[3.171s] INFO:colcon.colcon_core.shell:Creating package script '/home/osten/Drone/install/px4_msgs/share/px4_msgs/package.zsh'
[3.172s] Level 1:colcon.colcon_core.environment:create_file_with_runtime_dependencies(/home/osten/Drone/install/px4_msgs/share/colcon-core/packages/px4_msgs)
[3.173s] Level 1:colcon.colcon_core.environment:create_environment_scripts_only(px4_msgs)
[3.173s] Level 1:colcon.colcon_core.environment:checking '/home/osten/Drone/install/px4_msgs' for CMake module files
[3.173s] Level 1:colcon.colcon_core.environment:checking '/home/osten/Drone/install/px4_msgs' for CMake config files
[3.178s] Level 1:colcon.colcon_core.shell:create_environment_hook('px4_msgs', 'cmake_prefix_path')
[3.179s] INFO:colcon.colcon_core.shell:Creating environment descriptor '/home/osten/Drone/install/px4_msgs/share/px4_msgs/hook/cmake_prefix_path.dsv'
[3.179s] INFO:colcon.colcon_core.shell:Creating environment hook '/home/osten/Drone/install/px4_msgs/share/px4_msgs/hook/cmake_prefix_path.sh'
[3.180s] Level 1:colcon.colcon_core.environment:checking '/home/osten/Drone/install/px4_msgs/lib'
[3.180s] Level 1:colcon.colcon_core.shell:create_environment_hook('px4_msgs', 'ld_library_path_lib')
[3.180s] INFO:colcon.colcon_core.shell:Creating environment descriptor '/home/osten/Drone/install/px4_msgs/share/px4_msgs/hook/ld_library_path_lib.dsv'
[3.181s] INFO:colcon.colcon_core.shell:Creating environment hook '/home/osten/Drone/install/px4_msgs/share/px4_msgs/hook/ld_library_path_lib.sh'
[3.182s] Level 1:colcon.colcon_core.environment:checking '/home/osten/Drone/install/px4_msgs/bin'
[3.182s] Level 1:colcon.colcon_core.environment:checking '/home/osten/Drone/install/px4_msgs/lib/pkgconfig/px4_msgs.pc'
[3.182s] Level 1:colcon.colcon_core.environment:checking '/home/osten/Drone/install/px4_msgs/lib/python3.12/site-packages'
[3.182s] Level 1:colcon.colcon_core.shell:create_environment_hook('px4_msgs', 'pythonpath')
[3.182s] INFO:colcon.colcon_core.shell:Creating environment descriptor '/home/osten/Drone/install/px4_msgs/share/px4_msgs/hook/pythonpath.dsv'
[3.183s] INFO:colcon.colcon_core.shell:Creating environment hook '/home/osten/Drone/install/px4_msgs/share/px4_msgs/hook/pythonpath.sh'
[3.184s] Level 1:colcon.colcon_core.environment:checking '/home/osten/Drone/install/px4_msgs/bin'
[3.184s] INFO:colcon.colcon_core.shell:Creating package descriptor '/home/osten/Drone/install/px4_msgs/share/px4_msgs/package.dsv'
[3.185s] INFO:colcon.colcon_core.shell:Creating package script '/home/osten/Drone/install/px4_msgs/share/px4_msgs/package.sh'
[3.185s] INFO:colcon.colcon_core.shell:Creating package script '/home/osten/Drone/install/px4_msgs/share/px4_msgs/package.bash'
[3.186s] INFO:colcon.colcon_core.shell:Creating package script '/home/osten/Drone/install/px4_msgs/share/px4_msgs/package.zsh'
[3.186s] Level 1:colcon.colcon_core.environment:create_file_with_runtime_dependencies(/home/osten/Drone/install/px4_msgs/share/colcon-core/packages/px4_msgs)
[3.186s] INFO:colcon.colcon_ros.task.ament_cmake.build:Building ROS package in '/home/osten/Drone/src/control' with build type 'ament_cmake'
[3.187s] INFO:colcon.colcon_cmake.task.cmake.build:Building CMake package in '/home/osten/Drone/src/control'
[3.187s] DEBUG:colcon.colcon_core.shell:Skip shell extension 'dsv' for command environment
[3.193s] INFO:colcon.colcon_ros.task.ament_cmake.build:Building ROS package in '/home/osten/Drone/src/sensor' with build type 'ament_cmake'
[3.193s] INFO:colcon.colcon_cmake.task.cmake.build:Building CMake package in '/home/osten/Drone/src/sensor'
[3.193s] DEBUG:colcon.colcon_core.shell:Skip shell extension 'dsv' for command environment
[3.446s] DEBUG:colcon.colcon_core.event_handler.log_command:Invoking command in '/home/osten/Drone/build/control': CMAKE_PREFIX_PATH=/home/osten/Drone/install/px4_msgs:/home/osten/Drone/install/test:/home/osten/Drone/install/system_launch:/home/osten/Drone/install/sensor:/home/osten/Drone/install/control:/opt/ros/jazzy/opt/sdformat_vendor:/opt/ros/jazzy/opt/gz_math_vendor:/opt/ros/jazzy/opt/gz_utils_vendor:/opt/ros/jazzy/opt/gz_tools_vendor:/opt/ros/jazzy/opt/gz_cmake_vendor:/opt/ros/jazzy DEBUGINFOD_URLS=https://debuginfod.ubuntu.com /usr/bin/cmake --build /home/osten/Drone/build/control -- -j20 -l20
[3.454s] DEBUG:colcon.colcon_core.event_handler.log_command:Invoking command in '/home/osten/Drone/build/sensor': CMAKE_PREFIX_PATH=/home/osten/Drone/install/px4_msgs:/home/osten/Drone/install/test:/home/osten/Drone/install/system_launch:/home/osten/Drone/install/sensor:/home/osten/Drone/install/control:/opt/ros/jazzy/opt/sdformat_vendor:/opt/ros/jazzy/opt/gz_math_vendor:/opt/ros/jazzy/opt/gz_utils_vendor:/opt/ros/jazzy/opt/gz_tools_vendor:/opt/ros/jazzy/opt/gz_cmake_vendor:/opt/ros/jazzy DEBUGINFOD_URLS=https://debuginfod.ubuntu.com /usr/bin/cmake --build /home/osten/Drone/build/sensor -- -j20 -l20
[3.533s] DEBUG:colcon.colcon_core.event_handler.log_command:Invoked command in '/home/osten/Drone/build/control' returned '0': CMAKE_PREFIX_PATH=/home/osten/Drone/install/px4_msgs:/home/osten/Drone/install/test:/home/osten/Drone/install/system_launch:/home/osten/Drone/install/sensor:/home/osten/Drone/install/control:/opt/ros/jazzy/opt/sdformat_vendor:/opt/ros/jazzy/opt/gz_math_vendor:/opt/ros/jazzy/opt/gz_utils_vendor:/opt/ros/jazzy/opt/gz_tools_vendor:/opt/ros/jazzy/opt/gz_cmake_vendor:/opt/ros/jazzy DEBUGINFOD_URLS=https://debuginfod.ubuntu.com /usr/bin/cmake --build /home/osten/Drone/build/control -- -j20 -l20
[3.536s] DEBUG:colcon.colcon_core.event_handler.log_command:Invoking command in '/home/osten/Drone/build/control': CMAKE_PREFIX_PATH=/home/osten/Drone/install/px4_msgs:/home/osten/Drone/install/test:/home/osten/Drone/install/system_launch:/home/osten/Drone/install/sensor:/home/osten/Drone/install/control:/opt/ros/jazzy/opt/sdformat_vendor:/opt/ros/jazzy/opt/gz_math_vendor:/opt/ros/jazzy/opt/gz_utils_vendor:/opt/ros/jazzy/opt/gz_tools_vendor:/opt/ros/jazzy/opt/gz_cmake_vendor:/opt/ros/jazzy DEBUGINFOD_URLS=https://debuginfod.ubuntu.com /usr/bin/cmake --install /home/osten/Drone/build/control
[3.539s] DEBUG:colcon.colcon_core.event_handler.log_command:Invoked command in '/home/osten/Drone/build/sensor' returned '0': CMAKE_PREFIX_PATH=/home/osten/Drone/install/px4_msgs:/home/osten/Drone/install/test:/home/osten/Drone/install/system_launch:/home/osten/Drone/install/sensor:/home/osten/Drone/install/control:/opt/ros/jazzy/opt/sdformat_vendor:/opt/ros/jazzy/opt/gz_math_vendor:/opt/ros/jazzy/opt/gz_utils_vendor:/opt/ros/jazzy/opt/gz_tools_vendor:/opt/ros/jazzy/opt/gz_cmake_vendor:/opt/ros/jazzy DEBUGINFOD_URLS=https://debuginfod.ubuntu.com /usr/bin/cmake --build /home/osten/Drone/build/sensor -- -j20 -l20
[3.541s] DEBUG:colcon.colcon_core.event_handler.log_command:Invoking command in '/home/osten/Drone/build/sensor': CMAKE_PREFIX_PATH=/home/osten/Drone/install/px4_msgs:/home/osten/Drone/install/test:/home/osten/Drone/install/system_launch:/home/osten/Drone/install/sensor:/home/osten/Drone/install/control:/opt/ros/jazzy/opt/sdformat_vendor:/opt/ros/jazzy/opt/gz_math_vendor:/opt/ros/jazzy/opt/gz_utils_vendor:/opt/ros/jazzy/opt/gz_tools_vendor:/opt/ros/jazzy/opt/gz_cmake_vendor:/opt/ros/jazzy DEBUGINFOD_URLS=https://debuginfod.ubuntu.com /usr/bin/cmake --install /home/osten/Drone/build/sensor
[3.557s] Level 1:colcon.colcon_core.environment:create_environment_scripts_only(control)
[3.558s] Level 1:colcon.colcon_core.environment:checking '/home/osten/Drone/install/control' for CMake module files
[3.561s] DEBUG:colcon.colcon_core.event_handler.log_command:Invoked command in '/home/osten/Drone/build/control' returned '0': CMAKE_PREFIX_PATH=/home/osten/Drone/install/px4_msgs:/home/osten/Drone/install/test:/home/osten/Drone/install/system_launch:/home/osten/Drone/install/sensor:/home/osten/Drone/install/control:/opt/ros/jazzy/opt/sdformat_vendor:/opt/ros/jazzy/opt/gz_math_vendor:/opt/ros/jazzy/opt/gz_utils_vendor:/opt/ros/jazzy/opt/gz_tools_vendor:/opt/ros/jazzy/opt/gz_cmake_vendor:/opt/ros/jazzy DEBUGINFOD_URLS=https://debuginfod.ubuntu.com /usr/bin/cmake --install /home/osten/Drone/build/control
[3.562s] Level 1:colcon.colcon_core.environment:checking '/home/osten/Drone/install/control' for CMake config files
[3.562s] Level 1:colcon.colcon_core.shell:create_environment_hook('control', 'cmake_prefix_path')
[3.562s] INFO:colcon.colcon_core.shell:Creating environment descriptor '/home/osten/Drone/install/control/share/control/hook/cmake_prefix_path.dsv'
[3.563s] INFO:colcon.colcon_core.shell:Creating environment hook '/home/osten/Drone/install/control/share/control/hook/cmake_prefix_path.sh'
[3.563s] Level 1:colcon.colcon_core.environment:checking '/home/osten/Drone/install/control/lib'
[3.564s] Level 1:colcon.colcon_core.environment:checking '/home/osten/Drone/install/control/bin'
[3.564s] Level 1:colcon.colcon_core.environment:checking '/home/osten/Drone/install/control/lib/pkgconfig/control.pc'
[3.564s] Level 1:colcon.colcon_core.environment:checking '/home/osten/Drone/install/control/lib/python3.12/site-packages'
[3.564s] Level 1:colcon.colcon_core.environment:checking '/home/osten/Drone/install/control/bin'
[3.564s] INFO:colcon.colcon_core.shell:Creating package descriptor '/home/osten/Drone/install/control/share/control/package.dsv'
[3.565s] INFO:colcon.colcon_core.shell:Creating package script '/home/osten/Drone/install/control/share/control/package.sh'
[3.565s] INFO:colcon.colcon_core.shell:Creating package script '/home/osten/Drone/install/control/share/control/package.bash'
[3.566s] INFO:colcon.colcon_core.shell:Creating package script '/home/osten/Drone/install/control/share/control/package.zsh'
[3.566s] Level 1:colcon.colcon_core.environment:create_file_with_runtime_dependencies(/home/osten/Drone/install/control/share/colcon-core/packages/control)
[3.567s] Level 1:colcon.colcon_core.environment:create_environment_scripts_only(control)
[3.567s] Level 1:colcon.colcon_core.environment:checking '/home/osten/Drone/install/control' for CMake module files
[3.567s] Level 1:colcon.colcon_core.environment:checking '/home/osten/Drone/install/control' for CMake config files
[3.567s] Level 1:colcon.colcon_core.shell:create_environment_hook('control', 'cmake_prefix_path')
[3.568s] INFO:colcon.colcon_core.shell:Creating environment descriptor '/home/osten/Drone/install/control/share/control/hook/cmake_prefix_path.dsv'
[3.568s] INFO:colcon.colcon_core.shell:Creating environment hook '/home/osten/Drone/install/control/share/control/hook/cmake_prefix_path.sh'
[3.569s] Level 1:colcon.colcon_core.environment:checking '/home/osten/Drone/install/control/lib'
[3.569s] Level 1:colcon.colcon_core.environment:checking '/home/osten/Drone/install/control/bin'
[3.569s] Level 1:colcon.colcon_core.environment:checking '/home/osten/Drone/install/control/lib/pkgconfig/control.pc'
[3.569s] Level 1:colcon.colcon_core.environment:checking '/home/osten/Drone/install/control/lib/python3.12/site-packages'
[3.569s] Level 1:colcon.colcon_core.environment:checking '/home/osten/Drone/install/control/bin'
[3.570s] INFO:colcon.colcon_core.shell:Creating package descriptor '/home/osten/Drone/install/control/share/control/package.dsv'
[3.570s] INFO:colcon.colcon_core.shell:Creating package script '/home/osten/Drone/install/control/share/control/package.sh'
[3.571s] INFO:colcon.colcon_core.shell:Creating package script '/home/osten/Drone/install/control/share/control/package.bash'
[3.571s] INFO:colcon.colcon_core.shell:Creating package script '/home/osten/Drone/install/control/share/control/package.zsh'
[3.571s] Level 1:colcon.colcon_core.environment:create_file_with_runtime_dependencies(/home/osten/Drone/install/control/share/colcon-core/packages/control)
[3.572s] Level 1:colcon.colcon_core.environment:create_environment_scripts_only(sensor)
[3.572s] Level 1:colcon.colcon_core.environment:checking '/home/osten/Drone/install/sensor' for CMake module files
[3.574s] DEBUG:colcon.colcon_core.event_handler.log_command:Invoked command in '/home/osten/Drone/build/sensor' returned '0': CMAKE_PREFIX_PATH=/home/osten/Drone/install/px4_msgs:/home/osten/Drone/install/test:/home/osten/Drone/install/system_launch:/home/osten/Drone/install/sensor:/home/osten/Drone/install/control:/opt/ros/jazzy/opt/sdformat_vendor:/opt/ros/jazzy/opt/gz_math_vendor:/opt/ros/jazzy/opt/gz_utils_vendor:/opt/ros/jazzy/opt/gz_tools_vendor:/opt/ros/jazzy/opt/gz_cmake_vendor:/opt/ros/jazzy DEBUGINFOD_URLS=https://debuginfod.ubuntu.com /usr/bin/cmake --install /home/osten/Drone/build/sensor
[3.575s] Level 1:colcon.colcon_core.environment:checking '/home/osten/Drone/install/sensor' for CMake config files
[3.575s] Level 1:colcon.colcon_core.shell:create_environment_hook('sensor', 'cmake_prefix_path')
[3.575s] INFO:colcon.colcon_core.shell:Creating environment descriptor '/home/osten/Drone/install/sensor/share/sensor/hook/cmake_prefix_path.dsv'
[3.576s] INFO:colcon.colcon_core.shell:Creating environment hook '/home/osten/Drone/install/sensor/share/sensor/hook/cmake_prefix_path.sh'
[3.577s] Level 1:colcon.colcon_core.environment:checking '/home/osten/Drone/install/sensor/lib'
[3.577s] Level 1:colcon.colcon_core.environment:checking '/home/osten/Drone/install/sensor/bin'
[3.577s] Level 1:colcon.colcon_core.environment:checking '/home/osten/Drone/install/sensor/lib/pkgconfig/sensor.pc'
[3.577s] Level 1:colcon.colcon_core.environment:checking '/home/osten/Drone/install/sensor/lib/python3.12/site-packages'
[3.578s] Level 1:colcon.colcon_core.environment:checking '/home/osten/Drone/install/sensor/bin'
[3.578s] INFO:colcon.colcon_core.shell:Creating package descriptor '/home/osten/Drone/install/sensor/share/sensor/package.dsv'
[3.578s] INFO:colcon.colcon_core.shell:Creating package script '/home/osten/Drone/install/sensor/share/sensor/package.sh'
[3.579s] INFO:colcon.colcon_core.shell:Creating package script '/home/osten/Drone/install/sensor/share/sensor/package.bash'
[3.579s] INFO:colcon.colcon_core.shell:Creating package script '/home/osten/Drone/install/sensor/share/sensor/package.zsh'
[3.580s] Level 1:colcon.colcon_core.environment:create_file_with_runtime_dependencies(/home/osten/Drone/install/sensor/share/colcon-core/packages/sensor)
[3.580s] Level 1:colcon.colcon_core.environment:create_environment_scripts_only(sensor)
[3.580s] Level 1:colcon.colcon_core.environment:checking '/home/osten/Drone/install/sensor' for CMake module files
[3.581s] Level 1:colcon.colcon_core.environment:checking '/home/osten/Drone/install/sensor' for CMake config files
[3.581s] Level 1:colcon.colcon_core.shell:create_environment_hook('sensor', 'cmake_prefix_path')
[3.581s] INFO:colcon.colcon_core.shell:Creating environment descriptor '/home/osten/Drone/install/sensor/share/sensor/hook/cmake_prefix_path.dsv'
[3.582s] INFO:colcon.colcon_core.shell:Creating environment hook '/home/osten/Drone/install/sensor/share/sensor/hook/cmake_prefix_path.sh'
[3.583s] Level 1:colcon.colcon_core.environment:checking '/home/osten/Drone/install/sensor/lib'
[3.583s] Level 1:colcon.colcon_core.environment:checking '/home/osten/Drone/install/sensor/bin'
[3.583s] Level 1:colcon.colcon_core.environment:checking '/home/osten/Drone/install/sensor/lib/pkgconfig/sensor.pc'
[3.583s] Level 1:colcon.colcon_core.environment:checking '/home/osten/Drone/install/sensor/lib/python3.12/site-packages'
[3.583s] Level 1:colcon.colcon_core.environment:checking '/home/osten/Drone/install/sensor/bin'
[3.583s] INFO:colcon.colcon_core.shell:Creating package descriptor '/home/osten/Drone/install/sensor/share/sensor/package.dsv'
[3.584s] INFO:colcon.colcon_core.shell:Creating package script '/home/osten/Drone/install/sensor/share/sensor/package.sh'
[3.584s] INFO:colcon.colcon_core.shell:Creating package script '/home/osten/Drone/install/sensor/share/sensor/package.bash'
[3.585s] INFO:colcon.colcon_core.shell:Creating package script '/home/osten/Drone/install/sensor/share/sensor/package.zsh'
[3.585s] Level 1:colcon.colcon_core.environment:create_file_with_runtime_dependencies(/home/osten/Drone/install/sensor/share/colcon-core/packages/sensor)
[3.586s] INFO:colcon.colcon_ros.task.ament_cmake.build:Building ROS package in '/home/osten/Drone/src/system_launch' with build type 'ament_cmake'
[3.586s] INFO:colcon.colcon_cmake.task.cmake.build:Building CMake package in '/home/osten/Drone/src/system_launch'
[3.586s] DEBUG:colcon.colcon_core.shell:Skip shell extension 'dsv' for command environment
[4.183s] DEBUG:colcon.colcon_core.event_handler.log_command:Invoking command in '/home/osten/Drone/build/system_launch': CMAKE_PREFIX_PATH=/home/osten/Drone/install/sensor:/home/osten/Drone/install/control:/home/osten/Drone/install/px4_msgs:/home/osten/Drone/install/test:/home/osten/Drone/install/system_launch:/opt/ros/jazzy/opt/sdformat_vendor:/opt/ros/jazzy/opt/gz_math_vendor:/opt/ros/jazzy/opt/gz_utils_vendor:/opt/ros/jazzy/opt/gz_tools_vendor:/opt/ros/jazzy/opt/gz_cmake_vendor:/opt/ros/jazzy DEBUGINFOD_URLS=https://debuginfod.ubuntu.com /usr/bin/cmake --build /home/osten/Drone/build/system_launch -- -j20 -l20
[4.224s] DEBUG:colcon.colcon_core.event_handler.log_command:Invoked command in '/home/osten/Drone/build/system_launch' returned '0': CMAKE_PREFIX_PATH=/home/osten/Drone/install/sensor:/home/osten/Drone/install/control:/home/osten/Drone/install/px4_msgs:/home/osten/Drone/install/test:/home/osten/Drone/install/system_launch:/opt/ros/jazzy/opt/sdformat_vendor:/opt/ros/jazzy/opt/gz_math_vendor:/opt/ros/jazzy/opt/gz_utils_vendor:/opt/ros/jazzy/opt/gz_tools_vendor:/opt/ros/jazzy/opt/gz_cmake_vendor:/opt/ros/jazzy DEBUGINFOD_URLS=https://debuginfod.ubuntu.com /usr/bin/cmake --build /home/osten/Drone/build/system_launch -- -j20 -l20
[4.225s] DEBUG:colcon.colcon_core.event_handler.log_command:Invoking command in '/home/osten/Drone/build/system_launch': CMAKE_PREFIX_PATH=/home/osten/Drone/install/sensor:/home/osten/Drone/install/control:/home/osten/Drone/install/px4_msgs:/home/osten/Drone/install/test:/home/osten/Drone/install/system_launch:/opt/ros/jazzy/opt/sdformat_vendor:/opt/ros/jazzy/opt/gz_math_vendor:/opt/ros/jazzy/opt/gz_utils_vendor:/opt/ros/jazzy/opt/gz_tools_vendor:/opt/ros/jazzy/opt/gz_cmake_vendor:/opt/ros/jazzy DEBUGINFOD_URLS=https://debuginfod.ubuntu.com /usr/bin/cmake --install /home/osten/Drone/build/system_launch
[4.237s] Level 1:colcon.colcon_core.environment:create_environment_scripts_only(system_launch)
[4.237s] Level 1:colcon.colcon_core.environment:checking '/home/osten/Drone/install/system_launch' for CMake module files
[4.240s] DEBUG:colcon.colcon_core.event_handler.log_command:Invoked command in '/home/osten/Drone/build/system_launch' returned '0': CMAKE_PREFIX_PATH=/home/osten/Drone/install/sensor:/home/osten/Drone/install/control:/home/osten/Drone/install/px4_msgs:/home/osten/Drone/install/test:/home/osten/Drone/install/system_launch:/opt/ros/jazzy/opt/sdformat_vendor:/opt/ros/jazzy/opt/gz_math_vendor:/opt/ros/jazzy/opt/gz_utils_vendor:/opt/ros/jazzy/opt/gz_tools_vendor:/opt/ros/jazzy/opt/gz_cmake_vendor:/opt/ros/jazzy DEBUGINFOD_URLS=https://debuginfod.ubuntu.com /usr/bin/cmake --install /home/osten/Drone/build/system_launch
[4.241s] Level 1:colcon.colcon_core.environment:checking '/home/osten/Drone/install/system_launch' for CMake config files
[4.241s] Level 1:colcon.colcon_core.shell:create_environment_hook('system_launch', 'cmake_prefix_path')
[4.241s] INFO:colcon.colcon_core.shell:Creating environment descriptor '/home/osten/Drone/install/system_launch/share/system_launch/hook/cmake_prefix_path.dsv'
[4.242s] INFO:colcon.colcon_core.shell:Creating environment hook '/home/osten/Drone/install/system_launch/share/system_launch/hook/cmake_prefix_path.sh'
[4.243s] Level 1:colcon.colcon_core.environment:checking '/home/osten/Drone/install/system_launch/bin'
[4.243s] Level 1:colcon.colcon_core.environment:checking '/home/osten/Drone/install/system_launch/lib/pkgconfig/system_launch.pc'
[4.243s] Level 1:colcon.colcon_core.environment:checking '/home/osten/Drone/install/system_launch/lib/python3.12/site-packages'
[4.244s] Level 1:colcon.colcon_core.environment:checking '/home/osten/Drone/install/system_launch/bin'
[4.244s] INFO:colcon.colcon_core.shell:Creating package descriptor '/home/osten/Drone/install/system_launch/share/system_launch/package.dsv'
[4.245s] INFO:colcon.colcon_core.shell:Creating package script '/home/osten/Drone/install/system_launch/share/system_launch/package.sh'
[4.245s] INFO:colcon.colcon_core.shell:Creating package script '/home/osten/Drone/install/system_launch/share/system_launch/package.bash'
[4.246s] INFO:colcon.colcon_core.shell:Creating package script '/home/osten/Drone/install/system_launch/share/system_launch/package.zsh'
[4.247s] Level 1:colcon.colcon_core.environment:create_file_with_runtime_dependencies(/home/osten/Drone/install/system_launch/share/colcon-core/packages/system_launch)
[4.247s] Level 1:colcon.colcon_core.environment:create_environment_scripts_only(system_launch)
[4.247s] Level 1:colcon.colcon_core.environment:checking '/home/osten/Drone/install/system_launch' for CMake module files
[4.248s] Level 1:colcon.colcon_core.environment:checking '/home/osten/Drone/install/system_launch' for CMake config files
[4.248s] Level 1:colcon.colcon_core.shell:create_environment_hook('system_launch', 'cmake_prefix_path')
[4.248s] INFO:colcon.colcon_core.shell:Creating environment descriptor '/home/osten/Drone/install/system_launch/share/system_launch/hook/cmake_prefix_path.dsv'
[4.249s] INFO:colcon.colcon_core.shell:Creating environment hook '/home/osten/Drone/install/system_launch/share/system_launch/hook/cmake_prefix_path.sh'
[4.250s] Level 1:colcon.colcon_core.environment:checking '/home/osten/Drone/install/system_launch/bin'
[4.250s] Level 1:colcon.colcon_core.environment:checking '/home/osten/Drone/install/system_launch/lib/pkgconfig/system_launch.pc'
[4.250s] Level 1:colcon.colcon_core.environment:checking '/home/osten/Drone/install/system_launch/lib/python3.12/site-packages'
[4.250s] Level 1:colcon.colcon_core.environment:checking '/home/osten/Drone/install/system_launch/bin'
[4.251s] INFO:colcon.colcon_core.shell:Creating package descriptor '/home/osten/Drone/install/system_launch/share/system_launch/package.dsv'
[4.251s] INFO:colcon.colcon_core.shell:Creating package script '/home/osten/Drone/install/system_launch/share/system_launch/package.sh'
[4.252s] INFO:colcon.colcon_core.shell:Creating package script '/home/osten/Drone/install/system_launch/share/system_launch/package.bash'
[4.252s] INFO:colcon.colcon_core.shell:Creating package script '/home/osten/Drone/install/system_launch/share/system_launch/package.zsh'
[4.253s] Level 1:colcon.colcon_core.environment:create_file_with_runtime_dependencies(/home/osten/Drone/install/system_launch/share/colcon-core/packages/system_launch)
[13.313s] DEBUG:colcon.colcon_core.event_handler.log_command:Invoked command in '/home/osten/Drone/build/test' returned '0': CMAKE_PREFIX_PATH=${CMAKE_PREFIX_PATH}:/opt/ros/jazzy DEBUGINFOD_URLS=https://debuginfod.ubuntu.com /usr/bin/cmake --build /home/osten/Drone/build/test -- -j20 -l20
[13.316s] DEBUG:colcon.colcon_core.event_handler.log_command:Invoking command in '/home/osten/Drone/build/test': CMAKE_PREFIX_PATH=${CMAKE_PREFIX_PATH}:/opt/ros/jazzy DEBUGINFOD_URLS=https://debuginfod.ubuntu.com /usr/bin/cmake --install /home/osten/Drone/build/test
[13.334s] Level 1:colcon.colcon_core.environment:create_environment_scripts_only(test)
[13.334s] DEBUG:colcon.colcon_core.event_handler.log_command:Invoked command in '/home/osten/Drone/build/test' returned '0': CMAKE_PREFIX_PATH=${CMAKE_PREFIX_PATH}:/opt/ros/jazzy DEBUGINFOD_URLS=https://debuginfod.ubuntu.com /usr/bin/cmake --install /home/osten/Drone/build/test
[13.335s] Level 1:colcon.colcon_core.environment:checking '/home/osten/Drone/install/test' for CMake module files
[13.335s] Level 1:colcon.colcon_core.environment:checking '/home/osten/Drone/install/test' for CMake config files
[13.336s] Level 1:colcon.colcon_core.shell:create_environment_hook('test', 'cmake_prefix_path')
[13.336s] INFO:colcon.colcon_core.shell:Creating environment descriptor '/home/osten/Drone/install/test/share/test/hook/cmake_prefix_path.dsv'
[13.337s] INFO:colcon.colcon_core.shell:Creating environment hook '/home/osten/Drone/install/test/share/test/hook/cmake_prefix_path.sh'
[13.337s] Level 1:colcon.colcon_core.environment:checking '/home/osten/Drone/install/test/lib'
[13.338s] Level 1:colcon.colcon_core.environment:checking '/home/osten/Drone/install/test/bin'
[13.338s] Level 1:colcon.colcon_core.environment:checking '/home/osten/Drone/install/test/lib/pkgconfig/test.pc'
[13.338s] Level 1:colcon.colcon_core.environment:checking '/home/osten/Drone/install/test/lib/python3.12/site-packages'
[13.338s] Level 1:colcon.colcon_core.environment:checking '/home/osten/Drone/install/test/bin'
[13.338s] INFO:colcon.colcon_core.shell:Creating package descriptor '/home/osten/Drone/install/test/share/test/package.dsv'
[13.339s] INFO:colcon.colcon_core.shell:Creating package script '/home/osten/Drone/install/test/share/test/package.sh'
[13.339s] INFO:colcon.colcon_core.shell:Creating package script '/home/osten/Drone/install/test/share/test/package.bash'
[13.340s] INFO:colcon.colcon_core.shell:Creating package script '/home/osten/Drone/install/test/share/test/package.zsh'
[13.340s] Level 1:colcon.colcon_core.environment:create_file_with_runtime_dependencies(/home/osten/Drone/install/test/share/colcon-core/packages/test)
[13.342s] Level 1:colcon.colcon_core.environment:create_environment_scripts_only(test)
[13.342s] Level 1:colcon.colcon_core.environment:checking '/home/osten/Drone/install/test' for CMake module files
[13.343s] Level 1:colcon.colcon_core.environment:checking '/home/osten/Drone/install/test' for CMake config files
[13.343s] Level 1:colcon.colcon_core.shell:create_environment_hook('test', 'cmake_prefix_path')
[13.343s] INFO:colcon.colcon_core.shell:Creating environment descriptor '/home/osten/Drone/install/test/share/test/hook/cmake_prefix_path.dsv'
[13.344s] INFO:colcon.colcon_core.shell:Creating environment hook '/home/osten/Drone/install/test/share/test/hook/cmake_prefix_path.sh'
[13.345s] Level 1:colcon.colcon_core.environment:checking '/home/osten/Drone/install/test/lib'
[13.345s] Level 1:colcon.colcon_core.environment:checking '/home/osten/Drone/install/test/bin'
[13.345s] Level 1:colcon.colcon_core.environment:checking '/home/osten/Drone/install/test/lib/pkgconfig/test.pc'
[13.345s] Level 1:colcon.colcon_core.environment:checking '/home/osten/Drone/install/test/lib/python3.12/site-packages'
[13.346s] Level 1:colcon.colcon_core.environment:checking '/home/osten/Drone/install/test/bin'
[13.346s] INFO:colcon.colcon_core.shell:Creating package descriptor '/home/osten/Drone/install/test/share/test/package.dsv'
[13.346s] INFO:colcon.colcon_core.shell:Creating package script '/home/osten/Drone/install/test/share/test/package.sh'
[13.347s] INFO:colcon.colcon_core.shell:Creating package script '/home/osten/Drone/install/test/share/test/package.bash'
[13.348s] INFO:colcon.colcon_core.shell:Creating package script '/home/osten/Drone/install/test/share/test/package.zsh'
[13.348s] Level 1:colcon.colcon_core.environment:create_file_with_runtime_dependencies(/home/osten/Drone/install/test/share/colcon-core/packages/test)
[13.349s] DEBUG:colcon.colcon_parallel_executor.executor.parallel:closing loop
[13.350s] DEBUG:colcon.colcon_parallel_executor.executor.parallel:loop closed
[13.351s] DEBUG:colcon.colcon_parallel_executor.executor.parallel:run_until_complete finished with '0'
[13.352s] DEBUG:colcon.colcon_core.event_reactor:joining thread
[13.497s] INFO:colcon.colcon_core.plugin_system:Skipping extension 'colcon_notification.desktop_notification.notify_send': Could not find 'notify-send'
[13.498s] INFO:colcon.colcon_core.plugin_system:Skipping extension 'colcon_notification.desktop_notification.terminal_notifier': Not used on non-Darwin systems
[13.498s] INFO:colcon.colcon_core.plugin_system:Skipping extension 'colcon_notification.desktop_notification.win32': Not used on non-Windows systems
[13.498s] INFO:colcon.colcon_notification.desktop_notification:Sending desktop notification using 'notify2'
[13.500s] DEBUG:colcon.colcon_notification.desktop_notification.notify2:Failed to initialize notify2: org.freedesktop.DBus.Error.ServiceUnknown: The name org.freedesktop.Notifications was not provided by any .service files
[13.500s] DEBUG:colcon.colcon_core.event_reactor:joined thread
[13.501s] INFO:colcon.colcon_core.shell:Creating prefix script '/home/osten/Drone/install/local_setup.sh'
[13.501s] INFO:colcon.colcon_core.shell:Creating prefix util module '/home/osten/Drone/install/_local_setup_util_sh.py'
[13.503s] INFO:colcon.colcon_core.shell:Creating prefix chain script '/home/osten/Drone/install/setup.sh'
[13.504s] INFO:colcon.colcon_core.shell:Creating prefix script '/home/osten/Drone/install/local_setup.bash'
[13.504s] INFO:colcon.colcon_core.shell:Creating prefix chain script '/home/osten/Drone/install/setup.bash'
[13.505s] INFO:colcon.colcon_core.shell:Creating prefix script '/home/osten/Drone/install/local_setup.zsh'
[13.506s] INFO:colcon.colcon_core.shell:Creating prefix chain script '/home/osten/Drone/install/setup.zsh'
