[0.255s] DEBUG:colcon:Command line arguments: ['/usr/bin/colcon', 'build']
[0.255s] DEBUG:colcon:Parsed command line arguments: Namespace(log_base=None, log_level=None, verb_name='build', build_base='build', install_base='install', merge_install=False, symlink_install=False, test_result_base=None, continue_on_error=False, executor='parallel', parallel_workers=20, event_handlers=None, ignore_user_meta=False, metas=['./colcon.meta'], base_paths=['.'], packages_ignore=None, packages_ignore_regex=None, paths=None, packages_up_to=None, packages_up_to_regex=None, packages_above=None, packages_above_and_dependencies=None, packages_above_depth=None, packages_select_by_dep=None, packages_skip_by_dep=None, packages_skip_up_to=None, packages_select_build_failed=False, packages_skip_build_finished=False, packages_select_test_failures=False, packages_skip_test_passed=False, packages_select=None, packages_skip=None, packages_select_regex=None, packages_skip_regex=None, packages_start=None, packages_end=None, cmake_args=None, cmake_target=None, cmake_target_skip_unavailable=False, cmake_clean_cache=False, cmake_clean_first=False, cmake_force_configure=False, ament_cmake_args=None, catkin_cmake_args=None, catkin_skip_building_tests=False, verb_parser=<colcon_defaults.argument_parser.defaults.DefaultArgumentsDecorator object at 0x7f123e32c740>, verb_extension=<colcon_core.verb.build.BuildVerb object at 0x7f123e450fe0>, main=<bound method BuildVerb.main of <colcon_core.verb.build.BuildVerb object at 0x7f123e450fe0>>)
[0.300s] Level 1:colcon.colcon_core.package_discovery:discover_packages(colcon_meta) check parameters
[0.300s] Level 1:colcon.colcon_core.package_discovery:discover_packages(recursive) check parameters
[0.301s] Level 1:colcon.colcon_core.package_discovery:discover_packages(ignore) check parameters
[0.301s] Level 1:colcon.colcon_core.package_discovery:discover_packages(path) check parameters
[0.301s] Level 1:colcon.colcon_core.package_discovery:discover_packages(colcon_meta) discover
[0.301s] Level 1:colcon.colcon_core.package_discovery:discover_packages(recursive) discover
[0.301s] INFO:colcon.colcon_core.package_discovery:Crawling recursively for packages in '/home/osten/Drone'
[0.301s] Level 1:colcon.colcon_core.package_identification:_identify(.) by extensions ['ignore', 'ignore_ament_install']
[0.301s] Level 1:colcon.colcon_core.package_identification:_identify(.) by extension 'ignore'
[0.301s] Level 1:colcon.colcon_core.package_identification:_identify(.) by extension 'ignore_ament_install'
[0.301s] Level 1:colcon.colcon_core.package_identification:_identify(.) by extensions ['colcon_pkg']
[0.301s] Level 1:colcon.colcon_core.package_identification:_identify(.) by extension 'colcon_pkg'
[0.301s] Level 1:colcon.colcon_core.package_identification:_identify(.) by extensions ['colcon_meta']
[0.301s] Level 1:colcon.colcon_core.package_identification:_identify(.) by extension 'colcon_meta'
[0.301s] Level 1:colcon.colcon_core.package_identification:_identify(.) by extensions ['ros']
[0.301s] Level 1:colcon.colcon_core.package_identification:_identify(.) by extension 'ros'
[0.338s] Level 1:colcon.colcon_core.package_identification:_identify(.) by extensions ['cmake', 'python']
[0.338s] Level 1:colcon.colcon_core.package_identification:_identify(.) by extension 'cmake'
[0.338s] Level 1:colcon.colcon_core.package_identification:_identify(.) by extension 'python'
[0.338s] Level 1:colcon.colcon_core.package_identification:_identify(.) by extensions ['python_setup_py']
[0.338s] Level 1:colcon.colcon_core.package_identification:_identify(.) by extension 'python_setup_py'
[0.338s] Level 1:colcon.colcon_core.package_identification:_identify(build) by extensions ['ignore', 'ignore_ament_install']
[0.339s] Level 1:colcon.colcon_core.package_identification:_identify(build) by extension 'ignore'
[0.339s] Level 1:colcon.colcon_core.package_identification:_identify(build) ignored
[0.339s] Level 1:colcon.colcon_core.package_identification:_identify(install) by extensions ['ignore', 'ignore_ament_install']
[0.339s] Level 1:colcon.colcon_core.package_identification:_identify(install) by extension 'ignore'
[0.339s] Level 1:colcon.colcon_core.package_identification:_identify(install) ignored
[0.339s] Level 1:colcon.colcon_core.package_identification:_identify(log) by extensions ['ignore', 'ignore_ament_install']
[0.339s] Level 1:colcon.colcon_core.package_identification:_identify(log) by extension 'ignore'
[0.339s] Level 1:colcon.colcon_core.package_identification:_identify(log) ignored
[0.339s] Level 1:colcon.colcon_core.package_identification:_identify(src) by extensions ['ignore', 'ignore_ament_install']
[0.339s] Level 1:colcon.colcon_core.package_identification:_identify(src) by extension 'ignore'
[0.340s] Level 1:colcon.colcon_core.package_identification:_identify(src) by extension 'ignore_ament_install'
[0.340s] Level 1:colcon.colcon_core.package_identification:_identify(src) by extensions ['colcon_pkg']
[0.340s] Level 1:colcon.colcon_core.package_identification:_identify(src) by extension 'colcon_pkg'
[0.340s] Level 1:colcon.colcon_core.package_identification:_identify(src) by extensions ['colcon_meta']
[0.340s] Level 1:colcon.colcon_core.package_identification:_identify(src) by extension 'colcon_meta'
[0.340s] Level 1:colcon.colcon_core.package_identification:_identify(src) by extensions ['ros']
[0.340s] Level 1:colcon.colcon_core.package_identification:_identify(src) by extension 'ros'
[0.340s] Level 1:colcon.colcon_core.package_identification:_identify(src) by extensions ['cmake', 'python']
[0.340s] Level 1:colcon.colcon_core.package_identification:_identify(src) by extension 'cmake'
[0.340s] Level 1:colcon.colcon_core.package_identification:_identify(src) by extension 'python'
[0.340s] Level 1:colcon.colcon_core.package_identification:_identify(src) by extensions ['python_setup_py']
[0.340s] Level 1:colcon.colcon_core.package_identification:_identify(src) by extension 'python_setup_py'
[0.340s] Level 1:colcon.colcon_core.package_identification:_identify(src/control) by extensions ['ignore', 'ignore_ament_install']
[0.340s] Level 1:colcon.colcon_core.package_identification:_identify(src/control) by extension 'ignore'
[0.340s] Level 1:colcon.colcon_core.package_identification:_identify(src/control) by extension 'ignore_ament_install'
[0.340s] Level 1:colcon.colcon_core.package_identification:_identify(src/control) by extensions ['colcon_pkg']
[0.341s] Level 1:colcon.colcon_core.package_identification:_identify(src/control) by extension 'colcon_pkg'
[0.341s] Level 1:colcon.colcon_core.package_identification:_identify(src/control) by extensions ['colcon_meta']
[0.341s] Level 1:colcon.colcon_core.package_identification:_identify(src/control) by extension 'colcon_meta'
[0.341s] Level 1:colcon.colcon_core.package_identification:_identify(src/control) by extensions ['ros']
[0.341s] Level 1:colcon.colcon_core.package_identification:_identify(src/control) by extension 'ros'
[0.345s] DEBUG:colcon.colcon_core.package_identification:Package 'src/control' with type 'ros.ament_cmake' and name 'control'
[0.345s] Level 1:colcon.colcon_core.package_identification:_identify(src/px4_msgs) by extensions ['ignore', 'ignore_ament_install']
[0.345s] Level 1:colcon.colcon_core.package_identification:_identify(src/px4_msgs) by extension 'ignore'
[0.346s] Level 1:colcon.colcon_core.package_identification:_identify(src/px4_msgs) by extension 'ignore_ament_install'
[0.346s] Level 1:colcon.colcon_core.package_identification:_identify(src/px4_msgs) by extensions ['colcon_pkg']
[0.346s] Level 1:colcon.colcon_core.package_identification:_identify(src/px4_msgs) by extension 'colcon_pkg'
[0.346s] Level 1:colcon.colcon_core.package_identification:_identify(src/px4_msgs) by extensions ['colcon_meta']
[0.346s] Level 1:colcon.colcon_core.package_identification:_identify(src/px4_msgs) by extension 'colcon_meta'
[0.346s] Level 1:colcon.colcon_core.package_identification:_identify(src/px4_msgs) by extensions ['ros']
[0.346s] Level 1:colcon.colcon_core.package_identification:_identify(src/px4_msgs) by extension 'ros'
[0.346s] DEBUG:colcon.colcon_core.package_identification:Package 'src/px4_msgs' with type 'ros.ament_cmake' and name 'px4_msgs'
[0.347s] Level 1:colcon.colcon_core.package_identification:_identify(src/sensor) by extensions ['ignore', 'ignore_ament_install']
[0.347s] Level 1:colcon.colcon_core.package_identification:_identify(src/sensor) by extension 'ignore'
[0.347s] Level 1:colcon.colcon_core.package_identification:_identify(src/sensor) by extension 'ignore_ament_install'
[0.347s] Level 1:colcon.colcon_core.package_identification:_identify(src/sensor) by extensions ['colcon_pkg']
[0.347s] Level 1:colcon.colcon_core.package_identification:_identify(src/sensor) by extension 'colcon_pkg'
[0.347s] Level 1:colcon.colcon_core.package_identification:_identify(src/sensor) by extensions ['colcon_meta']
[0.347s] Level 1:colcon.colcon_core.package_identification:_identify(src/sensor) by extension 'colcon_meta'
[0.347s] Level 1:colcon.colcon_core.package_identification:_identify(src/sensor) by extensions ['ros']
[0.347s] Level 1:colcon.colcon_core.package_identification:_identify(src/sensor) by extension 'ros'
[0.348s] DEBUG:colcon.colcon_core.package_identification:Package 'src/sensor' with type 'ros.ament_cmake' and name 'sensor'
[0.348s] Level 1:colcon.colcon_core.package_identification:_identify(src/system_launch) by extensions ['ignore', 'ignore_ament_install']
[0.349s] Level 1:colcon.colcon_core.package_identification:_identify(src/system_launch) by extension 'ignore'
[0.349s] Level 1:colcon.colcon_core.package_identification:_identify(src/system_launch) by extension 'ignore_ament_install'
[0.349s] Level 1:colcon.colcon_core.package_identification:_identify(src/system_launch) by extensions ['colcon_pkg']
[0.349s] Level 1:colcon.colcon_core.package_identification:_identify(src/system_launch) by extension 'colcon_pkg'
[0.349s] Level 1:colcon.colcon_core.package_identification:_identify(src/system_launch) by extensions ['colcon_meta']
[0.349s] Level 1:colcon.colcon_core.package_identification:_identify(src/system_launch) by extension 'colcon_meta'
[0.349s] Level 1:colcon.colcon_core.package_identification:_identify(src/system_launch) by extensions ['ros']
[0.349s] Level 1:colcon.colcon_core.package_identification:_identify(src/system_launch) by extension 'ros'
[0.350s] DEBUG:colcon.colcon_core.package_identification:Package 'src/system_launch' with type 'ros.ament_cmake' and name 'system_launch'
[0.350s] Level 1:colcon.colcon_core.package_identification:_identify(src/test) by extensions ['ignore', 'ignore_ament_install']
[0.350s] Level 1:colcon.colcon_core.package_identification:_identify(src/test) by extension 'ignore'
[0.350s] Level 1:colcon.colcon_core.package_identification:_identify(src/test) by extension 'ignore_ament_install'
[0.350s] Level 1:colcon.colcon_core.package_identification:_identify(src/test) by extensions ['colcon_pkg']
[0.350s] Level 1:colcon.colcon_core.package_identification:_identify(src/test) by extension 'colcon_pkg'
[0.350s] Level 1:colcon.colcon_core.package_identification:_identify(src/test) by extensions ['colcon_meta']
[0.350s] Level 1:colcon.colcon_core.package_identification:_identify(src/test) by extension 'colcon_meta'
[0.351s] Level 1:colcon.colcon_core.package_identification:_identify(src/test) by extensions ['ros']
[0.351s] Level 1:colcon.colcon_core.package_identification:_identify(src/test) by extension 'ros'
[0.351s] DEBUG:colcon.colcon_core.package_identification:Package 'src/test' with type 'ros.ament_cmake' and name 'test'
[0.351s] Level 1:colcon.colcon_core.package_discovery:discover_packages(recursive) using defaults
[0.351s] Level 1:colcon.colcon_core.package_discovery:discover_packages(ignore) discover
[0.351s] Level 1:colcon.colcon_core.package_discovery:discover_packages(ignore) using defaults
[0.351s] Level 1:colcon.colcon_core.package_discovery:discover_packages(path) discover
[0.351s] Level 1:colcon.colcon_core.package_discovery:discover_packages(path) using defaults
[0.374s] Level 5:colcon.colcon_core.verb:set package 'px4_msgs' build argument 'cmake_args' from command line to 'None'
[0.374s] Level 5:colcon.colcon_core.verb:set package 'px4_msgs' build argument 'cmake_target' from command line to 'None'
[0.374s] Level 5:colcon.colcon_core.verb:set package 'px4_msgs' build argument 'cmake_target_skip_unavailable' from command line to 'False'
[0.374s] Level 5:colcon.colcon_core.verb:set package 'px4_msgs' build argument 'cmake_clean_cache' from command line to 'False'
[0.374s] Level 5:colcon.colcon_core.verb:set package 'px4_msgs' build argument 'cmake_clean_first' from command line to 'False'
[0.374s] Level 5:colcon.colcon_core.verb:set package 'px4_msgs' build argument 'cmake_force_configure' from command line to 'False'
[0.374s] Level 5:colcon.colcon_core.verb:set package 'px4_msgs' build argument 'ament_cmake_args' from command line to 'None'
[0.374s] Level 5:colcon.colcon_core.verb:set package 'px4_msgs' build argument 'catkin_cmake_args' from command line to 'None'
[0.374s] Level 5:colcon.colcon_core.verb:set package 'px4_msgs' build argument 'catkin_skip_building_tests' from command line to 'False'
[0.374s] DEBUG:colcon.colcon_core.verb:Building package 'px4_msgs' with the following arguments: {'ament_cmake_args': None, 'build_base': '/home/osten/Drone/build/px4_msgs', 'catkin_cmake_args': None, 'catkin_skip_building_tests': False, 'cmake_args': None, 'cmake_clean_cache': False, 'cmake_clean_first': False, 'cmake_force_configure': False, 'cmake_target': None, 'cmake_target_skip_unavailable': False, 'install_base': '/home/osten/Drone/install/px4_msgs', 'merge_install': False, 'path': '/home/osten/Drone/src/px4_msgs', 'symlink_install': False, 'test_result_base': None}
[0.374s] Level 5:colcon.colcon_core.verb:set package 'test' build argument 'cmake_args' from command line to 'None'
[0.375s] Level 5:colcon.colcon_core.verb:set package 'test' build argument 'cmake_target' from command line to 'None'
[0.375s] Level 5:colcon.colcon_core.verb:set package 'test' build argument 'cmake_target_skip_unavailable' from command line to 'False'
[0.375s] Level 5:colcon.colcon_core.verb:set package 'test' build argument 'cmake_clean_cache' from command line to 'False'
[0.375s] Level 5:colcon.colcon_core.verb:set package 'test' build argument 'cmake_clean_first' from command line to 'False'
[0.375s] Level 5:colcon.colcon_core.verb:set package 'test' build argument 'cmake_force_configure' from command line to 'False'
[0.375s] Level 5:colcon.colcon_core.verb:set package 'test' build argument 'ament_cmake_args' from command line to 'None'
[0.375s] Level 5:colcon.colcon_core.verb:set package 'test' build argument 'catkin_cmake_args' from command line to 'None'
[0.375s] Level 5:colcon.colcon_core.verb:set package 'test' build argument 'catkin_skip_building_tests' from command line to 'False'
[0.375s] DEBUG:colcon.colcon_core.verb:Building package 'test' with the following arguments: {'ament_cmake_args': None, 'build_base': '/home/osten/Drone/build/test', 'catkin_cmake_args': None, 'catkin_skip_building_tests': False, 'cmake_args': None, 'cmake_clean_cache': False, 'cmake_clean_first': False, 'cmake_force_configure': False, 'cmake_target': None, 'cmake_target_skip_unavailable': False, 'install_base': '/home/osten/Drone/install/test', 'merge_install': False, 'path': '/home/osten/Drone/src/test', 'symlink_install': False, 'test_result_base': None}
[0.375s] Level 5:colcon.colcon_core.verb:set package 'control' build argument 'cmake_args' from command line to 'None'
[0.375s] Level 5:colcon.colcon_core.verb:set package 'control' build argument 'cmake_target' from command line to 'None'
[0.375s] Level 5:colcon.colcon_core.verb:set package 'control' build argument 'cmake_target_skip_unavailable' from command line to 'False'
[0.375s] Level 5:colcon.colcon_core.verb:set package 'control' build argument 'cmake_clean_cache' from command line to 'False'
[0.375s] Level 5:colcon.colcon_core.verb:set package 'control' build argument 'cmake_clean_first' from command line to 'False'
[0.375s] Level 5:colcon.colcon_core.verb:set package 'control' build argument 'cmake_force_configure' from command line to 'False'
[0.375s] Level 5:colcon.colcon_core.verb:set package 'control' build argument 'ament_cmake_args' from command line to 'None'
[0.375s] Level 5:colcon.colcon_core.verb:set package 'control' build argument 'catkin_cmake_args' from command line to 'None'
[0.375s] Level 5:colcon.colcon_core.verb:set package 'control' build argument 'catkin_skip_building_tests' from command line to 'False'
[0.375s] DEBUG:colcon.colcon_core.verb:Building package 'control' with the following arguments: {'ament_cmake_args': None, 'build_base': '/home/osten/Drone/build/control', 'catkin_cmake_args': None, 'catkin_skip_building_tests': False, 'cmake_args': None, 'cmake_clean_cache': False, 'cmake_clean_first': False, 'cmake_force_configure': False, 'cmake_target': None, 'cmake_target_skip_unavailable': False, 'install_base': '/home/osten/Drone/install/control', 'merge_install': False, 'path': '/home/osten/Drone/src/control', 'symlink_install': False, 'test_result_base': None}
[0.376s] Level 5:colcon.colcon_core.verb:set package 'sensor' build argument 'cmake_args' from command line to 'None'
[0.376s] Level 5:colcon.colcon_core.verb:set package 'sensor' build argument 'cmake_target' from command line to 'None'
[0.376s] Level 5:colcon.colcon_core.verb:set package 'sensor' build argument 'cmake_target_skip_unavailable' from command line to 'False'
[0.376s] Level 5:colcon.colcon_core.verb:set package 'sensor' build argument 'cmake_clean_cache' from command line to 'False'
[0.376s] Level 5:colcon.colcon_core.verb:set package 'sensor' build argument 'cmake_clean_first' from command line to 'False'
[0.376s] Level 5:colcon.colcon_core.verb:set package 'sensor' build argument 'cmake_force_configure' from command line to 'False'
[0.376s] Level 5:colcon.colcon_core.verb:set package 'sensor' build argument 'ament_cmake_args' from command line to 'None'
[0.376s] Level 5:colcon.colcon_core.verb:set package 'sensor' build argument 'catkin_cmake_args' from command line to 'None'
[0.376s] Level 5:colcon.colcon_core.verb:set package 'sensor' build argument 'catkin_skip_building_tests' from command line to 'False'
[0.376s] DEBUG:colcon.colcon_core.verb:Building package 'sensor' with the following arguments: {'ament_cmake_args': None, 'build_base': '/home/osten/Drone/build/sensor', 'catkin_cmake_args': None, 'catkin_skip_building_tests': False, 'cmake_args': None, 'cmake_clean_cache': False, 'cmake_clean_first': False, 'cmake_force_configure': False, 'cmake_target': None, 'cmake_target_skip_unavailable': False, 'install_base': '/home/osten/Drone/install/sensor', 'merge_install': False, 'path': '/home/osten/Drone/src/sensor', 'symlink_install': False, 'test_result_base': None}
[0.376s] Level 5:colcon.colcon_core.verb:set package 'system_launch' build argument 'cmake_args' from command line to 'None'
[0.376s] Level 5:colcon.colcon_core.verb:set package 'system_launch' build argument 'cmake_target' from command line to 'None'
[0.376s] Level 5:colcon.colcon_core.verb:set package 'system_launch' build argument 'cmake_target_skip_unavailable' from command line to 'False'
[0.376s] Level 5:colcon.colcon_core.verb:set package 'system_launch' build argument 'cmake_clean_cache' from command line to 'False'
[0.376s] Level 5:colcon.colcon_core.verb:set package 'system_launch' build argument 'cmake_clean_first' from command line to 'False'
[0.376s] Level 5:colcon.colcon_core.verb:set package 'system_launch' build argument 'cmake_force_configure' from command line to 'False'
[0.376s] Level 5:colcon.colcon_core.verb:set package 'system_launch' build argument 'ament_cmake_args' from command line to 'None'
[0.376s] Level 5:colcon.colcon_core.verb:set package 'system_launch' build argument 'catkin_cmake_args' from command line to 'None'
[0.376s] Level 5:colcon.colcon_core.verb:set package 'system_launch' build argument 'catkin_skip_building_tests' from command line to 'False'
[0.376s] DEBUG:colcon.colcon_core.verb:Building package 'system_launch' with the following arguments: {'ament_cmake_args': None, 'build_base': '/home/osten/Drone/build/system_launch', 'catkin_cmake_args': None, 'catkin_skip_building_tests': False, 'cmake_args': None, 'cmake_clean_cache': False, 'cmake_clean_first': False, 'cmake_force_configure': False, 'cmake_target': None, 'cmake_target_skip_unavailable': False, 'install_base': '/home/osten/Drone/install/system_launch', 'merge_install': False, 'path': '/home/osten/Drone/src/system_launch', 'symlink_install': False, 'test_result_base': None}
[0.377s] INFO:colcon.colcon_core.executor:Executing jobs using 'parallel' executor
[0.378s] DEBUG:colcon.colcon_parallel_executor.executor.parallel:run_until_complete
[0.378s] INFO:colcon.colcon_ros.task.ament_cmake.build:Building ROS package in '/home/osten/Drone/src/px4_msgs' with build type 'ament_cmake'
[0.379s] INFO:colcon.colcon_cmake.task.cmake.build:Building CMake package in '/home/osten/Drone/src/px4_msgs'
[0.381s] INFO:colcon.colcon_core.plugin_system:Skipping extension 'colcon_core.shell.bat': Not used on non-Windows systems
[0.381s] DEBUG:colcon.colcon_core.shell:Skip shell extension 'dsv' for command environment
[0.386s] INFO:colcon.colcon_ros.task.ament_cmake.build:Building ROS package in '/home/osten/Drone/src/test' with build type 'ament_cmake'
[0.387s] INFO:colcon.colcon_cmake.task.cmake.build:Building CMake package in '/home/osten/Drone/src/test'
[0.388s] DEBUG:colcon.colcon_core.shell:Skip shell extension 'dsv' for command environment
[0.397s] DEBUG:colcon.colcon_core.event_handler.log_command:Invoking command in '/home/osten/Drone/build/px4_msgs': CMAKE_PREFIX_PATH=${CMAKE_PREFIX_PATH}:/opt/ros/jazzy DEBUGINFOD_URLS=https://debuginfod.ubuntu.com /usr/bin/cmake --build /home/osten/Drone/build/px4_msgs -- -j20 -l20
[0.408s] DEBUG:colcon.colcon_core.event_handler.log_command:Invoking command in '/home/osten/Drone/build/test': CMAKE_PREFIX_PATH=${CMAKE_PREFIX_PATH}:/opt/ros/jazzy DEBUGINFOD_URLS=https://debuginfod.ubuntu.com /usr/bin/cmake --build /home/osten/Drone/build/test -- -j20 -l20
[2.194s] DEBUG:colcon.colcon_core.event_handler.log_command:Invoked command in '/home/osten/Drone/build/px4_msgs' returned '0': CMAKE_PREFIX_PATH=${CMAKE_PREFIX_PATH}:/opt/ros/jazzy DEBUGINFOD_URLS=https://debuginfod.ubuntu.com /usr/bin/cmake --build /home/osten/Drone/build/px4_msgs -- -j20 -l20
[2.204s] DEBUG:colcon.colcon_core.event_handler.log_command:Invoking command in '/home/osten/Drone/build/px4_msgs': CMAKE_PREFIX_PATH=${CMAKE_PREFIX_PATH}:/opt/ros/jazzy DEBUGINFOD_URLS=https://debuginfod.ubuntu.com /usr/bin/cmake --install /home/osten/Drone/build/px4_msgs
[2.716s] Level 1:colcon.colcon_core.environment:create_environment_scripts_only(px4_msgs)
[2.749s] Level 1:colcon.colcon_core.environment:checking '/home/osten/Drone/install/px4_msgs' for CMake module files
[2.756s] Level 1:colcon.colcon_core.environment:checking '/home/osten/Drone/install/px4_msgs' for CMake config files
[2.984s] Level 1:colcon.colcon_core.shell:create_environment_hook('px4_msgs', 'cmake_prefix_path')
[2.984s] INFO:colcon.colcon_core.shell:Creating environment descriptor '/home/osten/Drone/install/px4_msgs/share/px4_msgs/hook/cmake_prefix_path.dsv'
[2.995s] INFO:colcon.colcon_core.shell:Creating environment hook '/home/osten/Drone/install/px4_msgs/share/px4_msgs/hook/cmake_prefix_path.sh'
[3.001s] Level 1:colcon.colcon_core.environment:checking '/home/osten/Drone/install/px4_msgs/lib'
[3.002s] Level 1:colcon.colcon_core.shell:create_environment_hook('px4_msgs', 'ld_library_path_lib')
[3.002s] INFO:colcon.colcon_core.shell:Creating environment descriptor '/home/osten/Drone/install/px4_msgs/share/px4_msgs/hook/ld_library_path_lib.dsv'
[3.006s] INFO:colcon.colcon_core.shell:Creating environment hook '/home/osten/Drone/install/px4_msgs/share/px4_msgs/hook/ld_library_path_lib.sh'
[3.011s] Level 1:colcon.colcon_core.environment:checking '/home/osten/Drone/install/px4_msgs/bin'
[3.012s] Level 1:colcon.colcon_core.environment:checking '/home/osten/Drone/install/px4_msgs/lib/pkgconfig/px4_msgs.pc'
[3.018s] Level 1:colcon.colcon_core.environment:checking '/home/osten/Drone/install/px4_msgs/lib/python3.12/site-packages'
[3.018s] Level 1:colcon.colcon_core.shell:create_environment_hook('px4_msgs', 'pythonpath')
[3.018s] INFO:colcon.colcon_core.shell:Creating environment descriptor '/home/osten/Drone/install/px4_msgs/share/px4_msgs/hook/pythonpath.dsv'
[3.021s] INFO:colcon.colcon_core.shell:Creating environment hook '/home/osten/Drone/install/px4_msgs/share/px4_msgs/hook/pythonpath.sh'
[3.026s] Level 1:colcon.colcon_core.environment:checking '/home/osten/Drone/install/px4_msgs/bin'
[3.026s] INFO:colcon.colcon_core.shell:Creating package descriptor '/home/osten/Drone/install/px4_msgs/share/px4_msgs/package.dsv'
[3.028s] INFO:colcon.colcon_core.shell:Creating package script '/home/osten/Drone/install/px4_msgs/share/px4_msgs/package.sh'
[3.030s] INFO:colcon.colcon_core.shell:Creating package script '/home/osten/Drone/install/px4_msgs/share/px4_msgs/package.bash'
[3.034s] INFO:colcon.colcon_core.shell:Creating package script '/home/osten/Drone/install/px4_msgs/share/px4_msgs/package.zsh'
[3.039s] Level 1:colcon.colcon_core.environment:create_file_with_runtime_dependencies(/home/osten/Drone/install/px4_msgs/share/colcon-core/packages/px4_msgs)
[3.050s] Level 1:colcon.colcon_core.environment:create_environment_scripts_only(px4_msgs)
[3.050s] Level 1:colcon.colcon_core.environment:checking '/home/osten/Drone/install/px4_msgs' for CMake module files
[3.065s] Level 1:colcon.colcon_core.environment:checking '/home/osten/Drone/install/px4_msgs' for CMake config files
[3.151s] Level 1:colcon.colcon_core.shell:create_environment_hook('px4_msgs', 'cmake_prefix_path')
[3.152s] INFO:colcon.colcon_core.shell:Creating environment descriptor '/home/osten/Drone/install/px4_msgs/share/px4_msgs/hook/cmake_prefix_path.dsv'
[3.159s] INFO:colcon.colcon_core.shell:Creating environment hook '/home/osten/Drone/install/px4_msgs/share/px4_msgs/hook/cmake_prefix_path.sh'
[3.167s] Level 1:colcon.colcon_core.environment:checking '/home/osten/Drone/install/px4_msgs/lib'
[3.171s] Level 1:colcon.colcon_core.shell:create_environment_hook('px4_msgs', 'ld_library_path_lib')
[3.172s] INFO:colcon.colcon_core.shell:Creating environment descriptor '/home/osten/Drone/install/px4_msgs/share/px4_msgs/hook/ld_library_path_lib.dsv'
[3.175s] INFO:colcon.colcon_core.shell:Creating environment hook '/home/osten/Drone/install/px4_msgs/share/px4_msgs/hook/ld_library_path_lib.sh'
[3.180s] Level 1:colcon.colcon_core.environment:checking '/home/osten/Drone/install/px4_msgs/bin'
[3.182s] Level 1:colcon.colcon_core.environment:checking '/home/osten/Drone/install/px4_msgs/lib/pkgconfig/px4_msgs.pc'
[3.182s] Level 1:colcon.colcon_core.environment:checking '/home/osten/Drone/install/px4_msgs/lib/python3.12/site-packages'
[3.183s] Level 1:colcon.colcon_core.shell:create_environment_hook('px4_msgs', 'pythonpath')
[3.183s] INFO:colcon.colcon_core.shell:Creating environment descriptor '/home/osten/Drone/install/px4_msgs/share/px4_msgs/hook/pythonpath.dsv'
[3.186s] INFO:colcon.colcon_core.shell:Creating environment hook '/home/osten/Drone/install/px4_msgs/share/px4_msgs/hook/pythonpath.sh'
[3.189s] Level 1:colcon.colcon_core.environment:checking '/home/osten/Drone/install/px4_msgs/bin'
[3.189s] INFO:colcon.colcon_core.shell:Creating package descriptor '/home/osten/Drone/install/px4_msgs/share/px4_msgs/package.dsv'
[3.197s] INFO:colcon.colcon_core.shell:Creating package script '/home/osten/Drone/install/px4_msgs/share/px4_msgs/package.sh'
[3.199s] INFO:colcon.colcon_core.shell:Creating package script '/home/osten/Drone/install/px4_msgs/share/px4_msgs/package.bash'
[3.202s] INFO:colcon.colcon_core.shell:Creating package script '/home/osten/Drone/install/px4_msgs/share/px4_msgs/package.zsh'
[3.206s] Level 1:colcon.colcon_core.environment:create_file_with_runtime_dependencies(/home/osten/Drone/install/px4_msgs/share/colcon-core/packages/px4_msgs)
[3.207s] INFO:colcon.colcon_ros.task.ament_cmake.build:Building ROS package in '/home/osten/Drone/src/control' with build type 'ament_cmake'
[3.208s] INFO:colcon.colcon_cmake.task.cmake.build:Building CMake package in '/home/osten/Drone/src/control'
[3.209s] DEBUG:colcon.colcon_core.shell:Skip shell extension 'dsv' for command environment
[3.273s] INFO:colcon.colcon_ros.task.ament_cmake.build:Building ROS package in '/home/osten/Drone/src/sensor' with build type 'ament_cmake'
[3.273s] INFO:colcon.colcon_cmake.task.cmake.build:Building CMake package in '/home/osten/Drone/src/sensor'
[3.274s] DEBUG:colcon.colcon_core.shell:Skip shell extension 'dsv' for command environment
[3.295s] DEBUG:colcon.colcon_core.event_handler.log_command:Invoked command in '/home/osten/Drone/build/px4_msgs' returned '0': CMAKE_PREFIX_PATH=${CMAKE_PREFIX_PATH}:/opt/ros/jazzy DEBUGINFOD_URLS=https://debuginfod.ubuntu.com /usr/bin/cmake --install /home/osten/Drone/build/px4_msgs
[3.615s] DEBUG:colcon.colcon_core.event_handler.log_command:Invoking command in '/home/osten/Drone/build/control': AMENT_PREFIX_PATH=/home/osten/Drone/install/px4_msgs:${AMENT_PREFIX_PATH} CMAKE_PREFIX_PATH=/home/osten/Drone/install/px4_msgs:/opt/ros/jazzy/opt/sdformat_vendor:/opt/ros/jazzy/opt/gz_math_vendor:/opt/ros/jazzy/opt/gz_utils_vendor:/opt/ros/jazzy/opt/gz_tools_vendor:/opt/ros/jazzy/opt/gz_cmake_vendor:/opt/ros/jazzy DEBUGINFOD_URLS=https://debuginfod.ubuntu.com LD_LIBRARY_PATH=/home/osten/Drone/install/px4_msgs/lib:${LD_LIBRARY_PATH} PYTHONPATH=/home/osten/Drone/install/px4_msgs/lib/python3.12/site-packages:${PYTHONPATH} /usr/bin/cmake --build /home/osten/Drone/build/control -- -j20 -l20
[3.654s] DEBUG:colcon.colcon_core.event_handler.log_command:Invoking command in '/home/osten/Drone/build/sensor': AMENT_PREFIX_PATH=/home/osten/Drone/install/px4_msgs:${AMENT_PREFIX_PATH} CMAKE_PREFIX_PATH=/home/osten/Drone/install/px4_msgs:/opt/ros/jazzy/opt/sdformat_vendor:/opt/ros/jazzy/opt/gz_math_vendor:/opt/ros/jazzy/opt/gz_utils_vendor:/opt/ros/jazzy/opt/gz_tools_vendor:/opt/ros/jazzy/opt/gz_cmake_vendor:/opt/ros/jazzy DEBUGINFOD_URLS=https://debuginfod.ubuntu.com LD_LIBRARY_PATH=/home/osten/Drone/install/px4_msgs/lib:${LD_LIBRARY_PATH} PYTHONPATH=/home/osten/Drone/install/px4_msgs/lib/python3.12/site-packages:${PYTHONPATH} /usr/bin/cmake --build /home/osten/Drone/build/sensor -- -j20 -l20
[7.077s] DEBUG:colcon.colcon_core.event_handler.log_command:Invoked command in '/home/osten/Drone/build/test' returned '0': CMAKE_PREFIX_PATH=${CMAKE_PREFIX_PATH}:/opt/ros/jazzy DEBUGINFOD_URLS=https://debuginfod.ubuntu.com /usr/bin/cmake --build /home/osten/Drone/build/test -- -j20 -l20
[7.078s] DEBUG:colcon.colcon_core.event_handler.log_command:Invoking command in '/home/osten/Drone/build/test': CMAKE_PREFIX_PATH=${CMAKE_PREFIX_PATH}:/opt/ros/jazzy DEBUGINFOD_URLS=https://debuginfod.ubuntu.com /usr/bin/cmake --install /home/osten/Drone/build/test
[7.093s] Level 1:colcon.colcon_core.environment:create_environment_scripts_only(test)
[7.093s] Level 1:colcon.colcon_core.environment:checking '/home/osten/Drone/install/test' for CMake module files
[7.094s] DEBUG:colcon.colcon_core.event_handler.log_command:Invoked command in '/home/osten/Drone/build/test' returned '0': CMAKE_PREFIX_PATH=${CMAKE_PREFIX_PATH}:/opt/ros/jazzy DEBUGINFOD_URLS=https://debuginfod.ubuntu.com /usr/bin/cmake --install /home/osten/Drone/build/test
[7.094s] Level 1:colcon.colcon_core.environment:checking '/home/osten/Drone/install/test' for CMake config files
[7.095s] Level 1:colcon.colcon_core.shell:create_environment_hook('test', 'cmake_prefix_path')
[7.095s] INFO:colcon.colcon_core.shell:Creating environment descriptor '/home/osten/Drone/install/test/share/test/hook/cmake_prefix_path.dsv'
[7.096s] INFO:colcon.colcon_core.shell:Creating environment hook '/home/osten/Drone/install/test/share/test/hook/cmake_prefix_path.sh'
[7.096s] Level 1:colcon.colcon_core.environment:checking '/home/osten/Drone/install/test/lib'
[7.096s] Level 1:colcon.colcon_core.environment:checking '/home/osten/Drone/install/test/bin'
[7.096s] Level 1:colcon.colcon_core.environment:checking '/home/osten/Drone/install/test/lib/pkgconfig/test.pc'
[7.097s] Level 1:colcon.colcon_core.environment:checking '/home/osten/Drone/install/test/lib/python3.12/site-packages'
[7.097s] Level 1:colcon.colcon_core.environment:checking '/home/osten/Drone/install/test/bin'
[7.097s] INFO:colcon.colcon_core.shell:Creating package descriptor '/home/osten/Drone/install/test/share/test/package.dsv'
[7.098s] INFO:colcon.colcon_core.shell:Creating package script '/home/osten/Drone/install/test/share/test/package.sh'
[7.098s] INFO:colcon.colcon_core.shell:Creating package script '/home/osten/Drone/install/test/share/test/package.bash'
[7.099s] INFO:colcon.colcon_core.shell:Creating package script '/home/osten/Drone/install/test/share/test/package.zsh'
[7.099s] Level 1:colcon.colcon_core.environment:create_file_with_runtime_dependencies(/home/osten/Drone/install/test/share/colcon-core/packages/test)
[7.100s] Level 1:colcon.colcon_core.environment:create_environment_scripts_only(test)
[7.100s] Level 1:colcon.colcon_core.environment:checking '/home/osten/Drone/install/test' for CMake module files
[7.100s] Level 1:colcon.colcon_core.environment:checking '/home/osten/Drone/install/test' for CMake config files
[7.100s] Level 1:colcon.colcon_core.shell:create_environment_hook('test', 'cmake_prefix_path')
[7.101s] INFO:colcon.colcon_core.shell:Creating environment descriptor '/home/osten/Drone/install/test/share/test/hook/cmake_prefix_path.dsv'
[7.101s] INFO:colcon.colcon_core.shell:Creating environment hook '/home/osten/Drone/install/test/share/test/hook/cmake_prefix_path.sh'
[7.102s] Level 1:colcon.colcon_core.environment:checking '/home/osten/Drone/install/test/lib'
[7.102s] Level 1:colcon.colcon_core.environment:checking '/home/osten/Drone/install/test/bin'
[7.102s] Level 1:colcon.colcon_core.environment:checking '/home/osten/Drone/install/test/lib/pkgconfig/test.pc'
[7.102s] Level 1:colcon.colcon_core.environment:checking '/home/osten/Drone/install/test/lib/python3.12/site-packages'
[7.103s] Level 1:colcon.colcon_core.environment:checking '/home/osten/Drone/install/test/bin'
[7.103s] INFO:colcon.colcon_core.shell:Creating package descriptor '/home/osten/Drone/install/test/share/test/package.dsv'
[7.103s] INFO:colcon.colcon_core.shell:Creating package script '/home/osten/Drone/install/test/share/test/package.sh'
[7.104s] INFO:colcon.colcon_core.shell:Creating package script '/home/osten/Drone/install/test/share/test/package.bash'
[7.105s] INFO:colcon.colcon_core.shell:Creating package script '/home/osten/Drone/install/test/share/test/package.zsh'
[7.105s] Level 1:colcon.colcon_core.environment:create_file_with_runtime_dependencies(/home/osten/Drone/install/test/share/colcon-core/packages/test)
[8.141s] DEBUG:colcon.colcon_core.event_handler.log_command:Invoked command in '/home/osten/Drone/build/control' returned '0': AMENT_PREFIX_PATH=/home/osten/Drone/install/px4_msgs:${AMENT_PREFIX_PATH} CMAKE_PREFIX_PATH=/home/osten/Drone/install/px4_msgs:/opt/ros/jazzy/opt/sdformat_vendor:/opt/ros/jazzy/opt/gz_math_vendor:/opt/ros/jazzy/opt/gz_utils_vendor:/opt/ros/jazzy/opt/gz_tools_vendor:/opt/ros/jazzy/opt/gz_cmake_vendor:/opt/ros/jazzy DEBUGINFOD_URLS=https://debuginfod.ubuntu.com LD_LIBRARY_PATH=/home/osten/Drone/install/px4_msgs/lib:${LD_LIBRARY_PATH} PYTHONPATH=/home/osten/Drone/install/px4_msgs/lib/python3.12/site-packages:${PYTHONPATH} /usr/bin/cmake --build /home/osten/Drone/build/control -- -j20 -l20
[8.143s] DEBUG:colcon.colcon_core.event_handler.log_command:Invoking command in '/home/osten/Drone/build/control': AMENT_PREFIX_PATH=/home/osten/Drone/install/px4_msgs:${AMENT_PREFIX_PATH} CMAKE_PREFIX_PATH=/home/osten/Drone/install/px4_msgs:/opt/ros/jazzy/opt/sdformat_vendor:/opt/ros/jazzy/opt/gz_math_vendor:/opt/ros/jazzy/opt/gz_utils_vendor:/opt/ros/jazzy/opt/gz_tools_vendor:/opt/ros/jazzy/opt/gz_cmake_vendor:/opt/ros/jazzy DEBUGINFOD_URLS=https://debuginfod.ubuntu.com LD_LIBRARY_PATH=/home/osten/Drone/install/px4_msgs/lib:${LD_LIBRARY_PATH} PYTHONPATH=/home/osten/Drone/install/px4_msgs/lib/python3.12/site-packages:${PYTHONPATH} /usr/bin/cmake --install /home/osten/Drone/build/control
[8.158s] Level 1:colcon.colcon_core.environment:create_environment_scripts_only(control)
[8.158s] Level 1:colcon.colcon_core.environment:checking '/home/osten/Drone/install/control' for CMake module files
[8.159s] DEBUG:colcon.colcon_core.event_handler.log_command:Invoked command in '/home/osten/Drone/build/control' returned '0': AMENT_PREFIX_PATH=/home/osten/Drone/install/px4_msgs:${AMENT_PREFIX_PATH} CMAKE_PREFIX_PATH=/home/osten/Drone/install/px4_msgs:/opt/ros/jazzy/opt/sdformat_vendor:/opt/ros/jazzy/opt/gz_math_vendor:/opt/ros/jazzy/opt/gz_utils_vendor:/opt/ros/jazzy/opt/gz_tools_vendor:/opt/ros/jazzy/opt/gz_cmake_vendor:/opt/ros/jazzy DEBUGINFOD_URLS=https://debuginfod.ubuntu.com LD_LIBRARY_PATH=/home/osten/Drone/install/px4_msgs/lib:${LD_LIBRARY_PATH} PYTHONPATH=/home/osten/Drone/install/px4_msgs/lib/python3.12/site-packages:${PYTHONPATH} /usr/bin/cmake --install /home/osten/Drone/build/control
[8.160s] Level 1:colcon.colcon_core.environment:checking '/home/osten/Drone/install/control' for CMake config files
[8.160s] Level 1:colcon.colcon_core.shell:create_environment_hook('control', 'cmake_prefix_path')
[8.160s] INFO:colcon.colcon_core.shell:Creating environment descriptor '/home/osten/Drone/install/control/share/control/hook/cmake_prefix_path.dsv'
[8.161s] INFO:colcon.colcon_core.shell:Creating environment hook '/home/osten/Drone/install/control/share/control/hook/cmake_prefix_path.sh'
[8.162s] Level 1:colcon.colcon_core.environment:checking '/home/osten/Drone/install/control/lib'
[8.162s] Level 1:colcon.colcon_core.environment:checking '/home/osten/Drone/install/control/bin'
[8.162s] Level 1:colcon.colcon_core.environment:checking '/home/osten/Drone/install/control/lib/pkgconfig/control.pc'
[8.162s] Level 1:colcon.colcon_core.environment:checking '/home/osten/Drone/install/control/lib/python3.12/site-packages'
[8.162s] Level 1:colcon.colcon_core.environment:checking '/home/osten/Drone/install/control/bin'
[8.163s] INFO:colcon.colcon_core.shell:Creating package descriptor '/home/osten/Drone/install/control/share/control/package.dsv'
[8.163s] INFO:colcon.colcon_core.shell:Creating package script '/home/osten/Drone/install/control/share/control/package.sh'
[8.164s] INFO:colcon.colcon_core.shell:Creating package script '/home/osten/Drone/install/control/share/control/package.bash'
[8.164s] INFO:colcon.colcon_core.shell:Creating package script '/home/osten/Drone/install/control/share/control/package.zsh'
[8.165s] Level 1:colcon.colcon_core.environment:create_file_with_runtime_dependencies(/home/osten/Drone/install/control/share/colcon-core/packages/control)
[8.166s] Level 1:colcon.colcon_core.environment:create_environment_scripts_only(control)
[8.166s] Level 1:colcon.colcon_core.environment:checking '/home/osten/Drone/install/control' for CMake module files
[8.166s] Level 1:colcon.colcon_core.environment:checking '/home/osten/Drone/install/control' for CMake config files
[8.167s] Level 1:colcon.colcon_core.shell:create_environment_hook('control', 'cmake_prefix_path')
[8.167s] INFO:colcon.colcon_core.shell:Creating environment descriptor '/home/osten/Drone/install/control/share/control/hook/cmake_prefix_path.dsv'
[8.167s] INFO:colcon.colcon_core.shell:Creating environment hook '/home/osten/Drone/install/control/share/control/hook/cmake_prefix_path.sh'
[8.168s] Level 1:colcon.colcon_core.environment:checking '/home/osten/Drone/install/control/lib'
[8.168s] Level 1:colcon.colcon_core.environment:checking '/home/osten/Drone/install/control/bin'
[8.168s] Level 1:colcon.colcon_core.environment:checking '/home/osten/Drone/install/control/lib/pkgconfig/control.pc'
[8.169s] Level 1:colcon.colcon_core.environment:checking '/home/osten/Drone/install/control/lib/python3.12/site-packages'
[8.169s] Level 1:colcon.colcon_core.environment:checking '/home/osten/Drone/install/control/bin'
[8.169s] INFO:colcon.colcon_core.shell:Creating package descriptor '/home/osten/Drone/install/control/share/control/package.dsv'
[8.170s] INFO:colcon.colcon_core.shell:Creating package script '/home/osten/Drone/install/control/share/control/package.sh'
[8.170s] INFO:colcon.colcon_core.shell:Creating package script '/home/osten/Drone/install/control/share/control/package.bash'
[8.171s] INFO:colcon.colcon_core.shell:Creating package script '/home/osten/Drone/install/control/share/control/package.zsh'
[8.171s] Level 1:colcon.colcon_core.environment:create_file_with_runtime_dependencies(/home/osten/Drone/install/control/share/colcon-core/packages/control)
[8.243s] DEBUG:colcon.colcon_core.event_handler.log_command:Invoked command in '/home/osten/Drone/build/sensor' returned '0': AMENT_PREFIX_PATH=/home/osten/Drone/install/px4_msgs:${AMENT_PREFIX_PATH} CMAKE_PREFIX_PATH=/home/osten/Drone/install/px4_msgs:/opt/ros/jazzy/opt/sdformat_vendor:/opt/ros/jazzy/opt/gz_math_vendor:/opt/ros/jazzy/opt/gz_utils_vendor:/opt/ros/jazzy/opt/gz_tools_vendor:/opt/ros/jazzy/opt/gz_cmake_vendor:/opt/ros/jazzy DEBUGINFOD_URLS=https://debuginfod.ubuntu.com LD_LIBRARY_PATH=/home/osten/Drone/install/px4_msgs/lib:${LD_LIBRARY_PATH} PYTHONPATH=/home/osten/Drone/install/px4_msgs/lib/python3.12/site-packages:${PYTHONPATH} /usr/bin/cmake --build /home/osten/Drone/build/sensor -- -j20 -l20
[8.244s] DEBUG:colcon.colcon_core.event_handler.log_command:Invoking command in '/home/osten/Drone/build/sensor': AMENT_PREFIX_PATH=/home/osten/Drone/install/px4_msgs:${AMENT_PREFIX_PATH} CMAKE_PREFIX_PATH=/home/osten/Drone/install/px4_msgs:/opt/ros/jazzy/opt/sdformat_vendor:/opt/ros/jazzy/opt/gz_math_vendor:/opt/ros/jazzy/opt/gz_utils_vendor:/opt/ros/jazzy/opt/gz_tools_vendor:/opt/ros/jazzy/opt/gz_cmake_vendor:/opt/ros/jazzy DEBUGINFOD_URLS=https://debuginfod.ubuntu.com LD_LIBRARY_PATH=/home/osten/Drone/install/px4_msgs/lib:${LD_LIBRARY_PATH} PYTHONPATH=/home/osten/Drone/install/px4_msgs/lib/python3.12/site-packages:${PYTHONPATH} /usr/bin/cmake --install /home/osten/Drone/build/sensor
[8.258s] Level 1:colcon.colcon_core.environment:create_environment_scripts_only(sensor)
[8.258s] Level 1:colcon.colcon_core.environment:checking '/home/osten/Drone/install/sensor' for CMake module files
[8.259s] DEBUG:colcon.colcon_core.event_handler.log_command:Invoked command in '/home/osten/Drone/build/sensor' returned '0': AMENT_PREFIX_PATH=/home/osten/Drone/install/px4_msgs:${AMENT_PREFIX_PATH} CMAKE_PREFIX_PATH=/home/osten/Drone/install/px4_msgs:/opt/ros/jazzy/opt/sdformat_vendor:/opt/ros/jazzy/opt/gz_math_vendor:/opt/ros/jazzy/opt/gz_utils_vendor:/opt/ros/jazzy/opt/gz_tools_vendor:/opt/ros/jazzy/opt/gz_cmake_vendor:/opt/ros/jazzy DEBUGINFOD_URLS=https://debuginfod.ubuntu.com LD_LIBRARY_PATH=/home/osten/Drone/install/px4_msgs/lib:${LD_LIBRARY_PATH} PYTHONPATH=/home/osten/Drone/install/px4_msgs/lib/python3.12/site-packages:${PYTHONPATH} /usr/bin/cmake --install /home/osten/Drone/build/sensor
[8.260s] Level 1:colcon.colcon_core.environment:checking '/home/osten/Drone/install/sensor' for CMake config files
[8.260s] Level 1:colcon.colcon_core.shell:create_environment_hook('sensor', 'cmake_prefix_path')
[8.260s] INFO:colcon.colcon_core.shell:Creating environment descriptor '/home/osten/Drone/install/sensor/share/sensor/hook/cmake_prefix_path.dsv'
[8.261s] INFO:colcon.colcon_core.shell:Creating environment hook '/home/osten/Drone/install/sensor/share/sensor/hook/cmake_prefix_path.sh'
[8.262s] Level 1:colcon.colcon_core.environment:checking '/home/osten/Drone/install/sensor/lib'
[8.262s] Level 1:colcon.colcon_core.environment:checking '/home/osten/Drone/install/sensor/bin'
[8.262s] Level 1:colcon.colcon_core.environment:checking '/home/osten/Drone/install/sensor/lib/pkgconfig/sensor.pc'
[8.262s] Level 1:colcon.colcon_core.environment:checking '/home/osten/Drone/install/sensor/lib/python3.12/site-packages'
[8.263s] Level 1:colcon.colcon_core.environment:checking '/home/osten/Drone/install/sensor/bin'
[8.263s] INFO:colcon.colcon_core.shell:Creating package descriptor '/home/osten/Drone/install/sensor/share/sensor/package.dsv'
[8.264s] INFO:colcon.colcon_core.shell:Creating package script '/home/osten/Drone/install/sensor/share/sensor/package.sh'
[8.264s] INFO:colcon.colcon_core.shell:Creating package script '/home/osten/Drone/install/sensor/share/sensor/package.bash'
[8.265s] INFO:colcon.colcon_core.shell:Creating package script '/home/osten/Drone/install/sensor/share/sensor/package.zsh'
[8.265s] Level 1:colcon.colcon_core.environment:create_file_with_runtime_dependencies(/home/osten/Drone/install/sensor/share/colcon-core/packages/sensor)
[8.266s] Level 1:colcon.colcon_core.environment:create_environment_scripts_only(sensor)
[8.266s] Level 1:colcon.colcon_core.environment:checking '/home/osten/Drone/install/sensor' for CMake module files
[8.267s] Level 1:colcon.colcon_core.environment:checking '/home/osten/Drone/install/sensor' for CMake config files
[8.267s] Level 1:colcon.colcon_core.shell:create_environment_hook('sensor', 'cmake_prefix_path')
[8.267s] INFO:colcon.colcon_core.shell:Creating environment descriptor '/home/osten/Drone/install/sensor/share/sensor/hook/cmake_prefix_path.dsv'
[8.268s] INFO:colcon.colcon_core.shell:Creating environment hook '/home/osten/Drone/install/sensor/share/sensor/hook/cmake_prefix_path.sh'
[8.269s] Level 1:colcon.colcon_core.environment:checking '/home/osten/Drone/install/sensor/lib'
[8.269s] Level 1:colcon.colcon_core.environment:checking '/home/osten/Drone/install/sensor/bin'
[8.270s] Level 1:colcon.colcon_core.environment:checking '/home/osten/Drone/install/sensor/lib/pkgconfig/sensor.pc'
[8.270s] Level 1:colcon.colcon_core.environment:checking '/home/osten/Drone/install/sensor/lib/python3.12/site-packages'
[8.270s] Level 1:colcon.colcon_core.environment:checking '/home/osten/Drone/install/sensor/bin'
[8.270s] INFO:colcon.colcon_core.shell:Creating package descriptor '/home/osten/Drone/install/sensor/share/sensor/package.dsv'
[8.271s] INFO:colcon.colcon_core.shell:Creating package script '/home/osten/Drone/install/sensor/share/sensor/package.sh'
[8.272s] INFO:colcon.colcon_core.shell:Creating package script '/home/osten/Drone/install/sensor/share/sensor/package.bash'
[8.272s] INFO:colcon.colcon_core.shell:Creating package script '/home/osten/Drone/install/sensor/share/sensor/package.zsh'
[8.273s] Level 1:colcon.colcon_core.environment:create_file_with_runtime_dependencies(/home/osten/Drone/install/sensor/share/colcon-core/packages/sensor)
[8.273s] INFO:colcon.colcon_ros.task.ament_cmake.build:Building ROS package in '/home/osten/Drone/src/system_launch' with build type 'ament_cmake'
[8.274s] INFO:colcon.colcon_cmake.task.cmake.build:Building CMake package in '/home/osten/Drone/src/system_launch'
[8.274s] DEBUG:colcon.colcon_core.shell:Skip shell extension 'dsv' for command environment
[8.947s] DEBUG:colcon.colcon_core.event_handler.log_command:Invoking command in '/home/osten/Drone/build/system_launch': AMENT_PREFIX_PATH=/home/osten/Drone/install/sensor:/home/osten/Drone/install/control:/home/osten/Drone/install/px4_msgs:${AMENT_PREFIX_PATH} CMAKE_PREFIX_PATH=/home/osten/Drone/install/sensor:/home/osten/Drone/install/control:/home/osten/Drone/install/px4_msgs:/opt/ros/jazzy/opt/sdformat_vendor:/opt/ros/jazzy/opt/gz_math_vendor:/opt/ros/jazzy/opt/gz_utils_vendor:/opt/ros/jazzy/opt/gz_tools_vendor:/opt/ros/jazzy/opt/gz_cmake_vendor:/opt/ros/jazzy DEBUGINFOD_URLS=https://debuginfod.ubuntu.com LD_LIBRARY_PATH=/home/osten/Drone/install/px4_msgs/lib:${LD_LIBRARY_PATH} PYTHONPATH=/home/osten/Drone/install/px4_msgs/lib/python3.12/site-packages:${PYTHONPATH} /usr/bin/cmake /home/osten/Drone/src/system_launch -DCMAKE_INSTALL_PREFIX=/home/osten/Drone/install/system_launch
[14.783s] DEBUG:colcon.colcon_core.event_handler.log_command:Invoked command in '/home/osten/Drone/build/system_launch' returned '0': AMENT_PREFIX_PATH=/home/osten/Drone/install/sensor:/home/osten/Drone/install/control:/home/osten/Drone/install/px4_msgs:${AMENT_PREFIX_PATH} CMAKE_PREFIX_PATH=/home/osten/Drone/install/sensor:/home/osten/Drone/install/control:/home/osten/Drone/install/px4_msgs:/opt/ros/jazzy/opt/sdformat_vendor:/opt/ros/jazzy/opt/gz_math_vendor:/opt/ros/jazzy/opt/gz_utils_vendor:/opt/ros/jazzy/opt/gz_tools_vendor:/opt/ros/jazzy/opt/gz_cmake_vendor:/opt/ros/jazzy DEBUGINFOD_URLS=https://debuginfod.ubuntu.com LD_LIBRARY_PATH=/home/osten/Drone/install/px4_msgs/lib:${LD_LIBRARY_PATH} PYTHONPATH=/home/osten/Drone/install/px4_msgs/lib/python3.12/site-packages:${PYTHONPATH} /usr/bin/cmake /home/osten/Drone/src/system_launch -DCMAKE_INSTALL_PREFIX=/home/osten/Drone/install/system_launch
[14.784s] DEBUG:colcon.colcon_core.event_handler.log_command:Invoking command in '/home/osten/Drone/build/system_launch': AMENT_PREFIX_PATH=/home/osten/Drone/install/sensor:/home/osten/Drone/install/control:/home/osten/Drone/install/px4_msgs:${AMENT_PREFIX_PATH} CMAKE_PREFIX_PATH=/home/osten/Drone/install/sensor:/home/osten/Drone/install/control:/home/osten/Drone/install/px4_msgs:/opt/ros/jazzy/opt/sdformat_vendor:/opt/ros/jazzy/opt/gz_math_vendor:/opt/ros/jazzy/opt/gz_utils_vendor:/opt/ros/jazzy/opt/gz_tools_vendor:/opt/ros/jazzy/opt/gz_cmake_vendor:/opt/ros/jazzy DEBUGINFOD_URLS=https://debuginfod.ubuntu.com LD_LIBRARY_PATH=/home/osten/Drone/install/px4_msgs/lib:${LD_LIBRARY_PATH} PYTHONPATH=/home/osten/Drone/install/px4_msgs/lib/python3.12/site-packages:${PYTHONPATH} /usr/bin/cmake --build /home/osten/Drone/build/system_launch -- -j20 -l20
[14.822s] DEBUG:colcon.colcon_core.event_handler.log_command:Invoked command in '/home/osten/Drone/build/system_launch' returned '0': AMENT_PREFIX_PATH=/home/osten/Drone/install/sensor:/home/osten/Drone/install/control:/home/osten/Drone/install/px4_msgs:${AMENT_PREFIX_PATH} CMAKE_PREFIX_PATH=/home/osten/Drone/install/sensor:/home/osten/Drone/install/control:/home/osten/Drone/install/px4_msgs:/opt/ros/jazzy/opt/sdformat_vendor:/opt/ros/jazzy/opt/gz_math_vendor:/opt/ros/jazzy/opt/gz_utils_vendor:/opt/ros/jazzy/opt/gz_tools_vendor:/opt/ros/jazzy/opt/gz_cmake_vendor:/opt/ros/jazzy DEBUGINFOD_URLS=https://debuginfod.ubuntu.com LD_LIBRARY_PATH=/home/osten/Drone/install/px4_msgs/lib:${LD_LIBRARY_PATH} PYTHONPATH=/home/osten/Drone/install/px4_msgs/lib/python3.12/site-packages:${PYTHONPATH} /usr/bin/cmake --build /home/osten/Drone/build/system_launch -- -j20 -l20
[14.823s] DEBUG:colcon.colcon_core.event_handler.log_command:Invoking command in '/home/osten/Drone/build/system_launch': AMENT_PREFIX_PATH=/home/osten/Drone/install/sensor:/home/osten/Drone/install/control:/home/osten/Drone/install/px4_msgs:${AMENT_PREFIX_PATH} CMAKE_PREFIX_PATH=/home/osten/Drone/install/sensor:/home/osten/Drone/install/control:/home/osten/Drone/install/px4_msgs:/opt/ros/jazzy/opt/sdformat_vendor:/opt/ros/jazzy/opt/gz_math_vendor:/opt/ros/jazzy/opt/gz_utils_vendor:/opt/ros/jazzy/opt/gz_tools_vendor:/opt/ros/jazzy/opt/gz_cmake_vendor:/opt/ros/jazzy DEBUGINFOD_URLS=https://debuginfod.ubuntu.com LD_LIBRARY_PATH=/home/osten/Drone/install/px4_msgs/lib:${LD_LIBRARY_PATH} PYTHONPATH=/home/osten/Drone/install/px4_msgs/lib/python3.12/site-packages:${PYTHONPATH} /usr/bin/cmake --install /home/osten/Drone/build/system_launch
[14.837s] Level 1:colcon.colcon_core.environment:create_environment_scripts_only(system_launch)
[14.838s] DEBUG:colcon.colcon_core.event_handler.log_command:Invoked command in '/home/osten/Drone/build/system_launch' returned '0': AMENT_PREFIX_PATH=/home/osten/Drone/install/sensor:/home/osten/Drone/install/control:/home/osten/Drone/install/px4_msgs:${AMENT_PREFIX_PATH} CMAKE_PREFIX_PATH=/home/osten/Drone/install/sensor:/home/osten/Drone/install/control:/home/osten/Drone/install/px4_msgs:/opt/ros/jazzy/opt/sdformat_vendor:/opt/ros/jazzy/opt/gz_math_vendor:/opt/ros/jazzy/opt/gz_utils_vendor:/opt/ros/jazzy/opt/gz_tools_vendor:/opt/ros/jazzy/opt/gz_cmake_vendor:/opt/ros/jazzy DEBUGINFOD_URLS=https://debuginfod.ubuntu.com LD_LIBRARY_PATH=/home/osten/Drone/install/px4_msgs/lib:${LD_LIBRARY_PATH} PYTHONPATH=/home/osten/Drone/install/px4_msgs/lib/python3.12/site-packages:${PYTHONPATH} /usr/bin/cmake --install /home/osten/Drone/build/system_launch
[14.838s] Level 1:colcon.colcon_core.environment:checking '/home/osten/Drone/install/system_launch' for CMake module files
[14.839s] Level 1:colcon.colcon_core.environment:checking '/home/osten/Drone/install/system_launch' for CMake config files
[14.840s] Level 1:colcon.colcon_core.shell:create_environment_hook('system_launch', 'cmake_prefix_path')
[14.840s] INFO:colcon.colcon_core.shell:Creating environment descriptor '/home/osten/Drone/install/system_launch/share/system_launch/hook/cmake_prefix_path.dsv'
[14.841s] INFO:colcon.colcon_core.shell:Creating environment hook '/home/osten/Drone/install/system_launch/share/system_launch/hook/cmake_prefix_path.sh'
[14.842s] Level 1:colcon.colcon_core.environment:checking '/home/osten/Drone/install/system_launch/bin'
[14.842s] Level 1:colcon.colcon_core.environment:checking '/home/osten/Drone/install/system_launch/lib/pkgconfig/system_launch.pc'
[14.842s] Level 1:colcon.colcon_core.environment:checking '/home/osten/Drone/install/system_launch/lib/python3.12/site-packages'
[14.843s] Level 1:colcon.colcon_core.environment:checking '/home/osten/Drone/install/system_launch/bin'
[14.843s] INFO:colcon.colcon_core.shell:Creating package descriptor '/home/osten/Drone/install/system_launch/share/system_launch/package.dsv'
[14.844s] INFO:colcon.colcon_core.shell:Creating package script '/home/osten/Drone/install/system_launch/share/system_launch/package.sh'
[14.845s] INFO:colcon.colcon_core.shell:Creating package script '/home/osten/Drone/install/system_launch/share/system_launch/package.bash'
[14.845s] INFO:colcon.colcon_core.shell:Creating package script '/home/osten/Drone/install/system_launch/share/system_launch/package.zsh'
[14.846s] Level 1:colcon.colcon_core.environment:create_file_with_runtime_dependencies(/home/osten/Drone/install/system_launch/share/colcon-core/packages/system_launch)
[14.847s] Level 1:colcon.colcon_core.environment:create_environment_scripts_only(system_launch)
[14.847s] Level 1:colcon.colcon_core.environment:checking '/home/osten/Drone/install/system_launch' for CMake module files
[14.848s] Level 1:colcon.colcon_core.environment:checking '/home/osten/Drone/install/system_launch' for CMake config files
[14.848s] Level 1:colcon.colcon_core.shell:create_environment_hook('system_launch', 'cmake_prefix_path')
[14.848s] INFO:colcon.colcon_core.shell:Creating environment descriptor '/home/osten/Drone/install/system_launch/share/system_launch/hook/cmake_prefix_path.dsv'
[14.849s] INFO:colcon.colcon_core.shell:Creating environment hook '/home/osten/Drone/install/system_launch/share/system_launch/hook/cmake_prefix_path.sh'
[14.850s] Level 1:colcon.colcon_core.environment:checking '/home/osten/Drone/install/system_launch/bin'
[14.850s] Level 1:colcon.colcon_core.environment:checking '/home/osten/Drone/install/system_launch/lib/pkgconfig/system_launch.pc'
[14.850s] Level 1:colcon.colcon_core.environment:checking '/home/osten/Drone/install/system_launch/lib/python3.12/site-packages'
[14.851s] Level 1:colcon.colcon_core.environment:checking '/home/osten/Drone/install/system_launch/bin'
[14.851s] INFO:colcon.colcon_core.shell:Creating package descriptor '/home/osten/Drone/install/system_launch/share/system_launch/package.dsv'
[14.852s] INFO:colcon.colcon_core.shell:Creating package script '/home/osten/Drone/install/system_launch/share/system_launch/package.sh'
[14.852s] INFO:colcon.colcon_core.shell:Creating package script '/home/osten/Drone/install/system_launch/share/system_launch/package.bash'
[14.853s] INFO:colcon.colcon_core.shell:Creating package script '/home/osten/Drone/install/system_launch/share/system_launch/package.zsh'
[14.853s] Level 1:colcon.colcon_core.environment:create_file_with_runtime_dependencies(/home/osten/Drone/install/system_launch/share/colcon-core/packages/system_launch)
[14.853s] DEBUG:colcon.colcon_parallel_executor.executor.parallel:closing loop
[14.854s] DEBUG:colcon.colcon_parallel_executor.executor.parallel:loop closed
[14.855s] DEBUG:colcon.colcon_parallel_executor.executor.parallel:run_until_complete finished with '0'
[14.855s] DEBUG:colcon.colcon_core.event_reactor:joining thread
[14.972s] INFO:colcon.colcon_core.plugin_system:Skipping extension 'colcon_notification.desktop_notification.notify_send': Could not find 'notify-send'
[14.973s] INFO:colcon.colcon_core.plugin_system:Skipping extension 'colcon_notification.desktop_notification.terminal_notifier': Not used on non-Darwin systems
[14.973s] INFO:colcon.colcon_core.plugin_system:Skipping extension 'colcon_notification.desktop_notification.win32': Not used on non-Windows systems
[14.974s] INFO:colcon.colcon_notification.desktop_notification:Sending desktop notification using 'notify2'
[14.976s] DEBUG:colcon.colcon_notification.desktop_notification.notify2:Failed to initialize notify2: org.freedesktop.DBus.Error.ServiceUnknown: The name org.freedesktop.Notifications was not provided by any .service files
[14.976s] DEBUG:colcon.colcon_core.event_reactor:joined thread
[14.977s] INFO:colcon.colcon_core.shell:Creating prefix script '/home/osten/Drone/install/local_setup.sh'
[14.977s] INFO:colcon.colcon_core.shell:Creating prefix util module '/home/osten/Drone/install/_local_setup_util_sh.py'
[14.979s] INFO:colcon.colcon_core.shell:Creating prefix chain script '/home/osten/Drone/install/setup.sh'
[14.979s] INFO:colcon.colcon_core.shell:Creating prefix script '/home/osten/Drone/install/local_setup.bash'
[14.980s] INFO:colcon.colcon_core.shell:Creating prefix chain script '/home/osten/Drone/install/setup.bash'
[14.981s] INFO:colcon.colcon_core.shell:Creating prefix script '/home/osten/Drone/install/local_setup.zsh'
[14.981s] INFO:colcon.colcon_core.shell:Creating prefix chain script '/home/osten/Drone/install/setup.zsh'
