[100%] Built target sensor_node
-- Install configuration: ""
-- Up-to-date: /home/osten/Drone/install/sensor/lib/sensor/sensor_node
-- Up-to-date: /home/osten/Drone/install/sensor/share/sensor//launch
-- Up-to-date: /home/osten/Drone/install/sensor/share/sensor//launch/sensor.launch.py
-- Up-to-date: /home/osten/Drone/install/sensor/share/ament_index/resource_index/package_run_dependencies/sensor
-- Up-to-date: /home/osten/Drone/install/sensor/share/ament_index/resource_index/parent_prefix_path/sensor
-- Up-to-date: /home/osten/Drone/install/sensor/share/sensor/environment/ament_prefix_path.sh
-- Up-to-date: /home/osten/Drone/install/sensor/share/sensor/environment/ament_prefix_path.dsv
-- Up-to-date: /home/osten/Drone/install/sensor/share/sensor/environment/path.sh
-- Up-to-date: /home/osten/Drone/install/sensor/share/sensor/environment/path.dsv
-- Up-to-date: /home/osten/Drone/install/sensor/share/sensor/local_setup.bash
-- Up-to-date: /home/osten/Drone/install/sensor/share/sensor/local_setup.sh
-- Up-to-date: /home/osten/Drone/install/sensor/share/sensor/local_setup.zsh
-- Up-to-date: /home/osten/Drone/install/sensor/share/sensor/local_setup.dsv
-- Installing: /home/osten/Drone/install/sensor/share/sensor/package.dsv
-- Up-to-date: /home/osten/Drone/install/sensor/share/ament_index/resource_index/packages/sensor
-- Up-to-date: /home/osten/Drone/install/sensor/share/sensor/cmake/ament_cmake_export_dependencies-extras.cmake
-- Up-to-date: /home/osten/Drone/install/sensor/share/sensor/cmake/sensorConfig.cmake
-- Up-to-date: /home/osten/Drone/install/sensor/share/sensor/cmake/sensorConfig-version.cmake
-- Up-to-date: /home/osten/Drone/install/sensor/share/sensor/package.xml
