[0.261s] Invoking command in '/home/osten/Drone/build/sensor': CMAKE_PREFIX_PATH=/home/osten/Drone/install/px4_msgs:/home/osten/Drone/install/test:/home/osten/Drone/install/system_launch:/home/osten/Drone/install/sensor:/home/osten/Drone/install/control:/opt/ros/jazzy/opt/sdformat_vendor:/opt/ros/jazzy/opt/gz_math_vendor:/opt/ros/jazzy/opt/gz_utils_vendor:/opt/ros/jazzy/opt/gz_tools_vendor:/opt/ros/jazzy/opt/gz_cmake_vendor:/opt/ros/jazzy DEBUGINFOD_URLS=https://debuginfod.ubuntu.com /usr/bin/cmake --build /home/osten/Drone/build/sensor -- -j20 -l20
[0.331s] [100%] Built target sensor_node
[0.346s] Invoked command in '/home/osten/Drone/build/sensor' returned '0': CMAKE_PREFIX_PATH=/home/osten/Drone/install/px4_msgs:/home/osten/Drone/install/test:/home/osten/Drone/install/system_launch:/home/osten/Drone/install/sensor:/home/osten/Drone/install/control:/opt/ros/jazzy/opt/sdformat_vendor:/opt/ros/jazzy/opt/gz_math_vendor:/opt/ros/jazzy/opt/gz_utils_vendor:/opt/ros/jazzy/opt/gz_tools_vendor:/opt/ros/jazzy/opt/gz_cmake_vendor:/opt/ros/jazzy DEBUGINFOD_URLS=https://debuginfod.ubuntu.com /usr/bin/cmake --build /home/osten/Drone/build/sensor -- -j20 -l20
[0.347s] Invoking command in '/home/osten/Drone/build/sensor': CMAKE_PREFIX_PATH=/home/osten/Drone/install/px4_msgs:/home/osten/Drone/install/test:/home/osten/Drone/install/system_launch:/home/osten/Drone/install/sensor:/home/osten/Drone/install/control:/opt/ros/jazzy/opt/sdformat_vendor:/opt/ros/jazzy/opt/gz_math_vendor:/opt/ros/jazzy/opt/gz_utils_vendor:/opt/ros/jazzy/opt/gz_tools_vendor:/opt/ros/jazzy/opt/gz_cmake_vendor:/opt/ros/jazzy DEBUGINFOD_URLS=https://debuginfod.ubuntu.com /usr/bin/cmake --install /home/osten/Drone/build/sensor
[0.359s] -- Install configuration: ""
[0.360s] -- Up-to-date: /home/osten/Drone/install/sensor/lib/sensor/sensor_node
[0.360s] -- Up-to-date: /home/osten/Drone/install/sensor/share/sensor//launch
[0.361s] -- Up-to-date: /home/osten/Drone/install/sensor/share/sensor//launch/sensor.launch.py
[0.361s] -- Up-to-date: /home/osten/Drone/install/sensor/share/ament_index/resource_index/package_run_dependencies/sensor
[0.361s] -- Up-to-date: /home/osten/Drone/install/sensor/share/ament_index/resource_index/parent_prefix_path/sensor
[0.362s] -- Up-to-date: /home/osten/Drone/install/sensor/share/sensor/environment/ament_prefix_path.sh
[0.362s] -- Up-to-date: /home/osten/Drone/install/sensor/share/sensor/environment/ament_prefix_path.dsv
[0.364s] -- Up-to-date: /home/osten/Drone/install/sensor/share/sensor/environment/path.sh
[0.364s] -- Up-to-date: /home/osten/Drone/install/sensor/share/sensor/environment/path.dsv
[0.366s] -- Up-to-date: /home/osten/Drone/install/sensor/share/sensor/local_setup.bash
[0.366s] -- Up-to-date: /home/osten/Drone/install/sensor/share/sensor/local_setup.sh
[0.366s] -- Up-to-date: /home/osten/Drone/install/sensor/share/sensor/local_setup.zsh
[0.366s] -- Up-to-date: /home/osten/Drone/install/sensor/share/sensor/local_setup.dsv
[0.366s] -- Installing: /home/osten/Drone/install/sensor/share/sensor/package.dsv
[0.367s] -- Up-to-date: /home/osten/Drone/install/sensor/share/ament_index/resource_index/packages/sensor
[0.367s] -- Up-to-date: /home/osten/Drone/install/sensor/share/sensor/cmake/ament_cmake_export_dependencies-extras.cmake
[0.367s] -- Up-to-date: /home/osten/Drone/install/sensor/share/sensor/cmake/sensorConfig.cmake
[0.367s] -- Up-to-date: /home/osten/Drone/install/sensor/share/sensor/cmake/sensorConfig-version.cmake
[0.367s] -- Up-to-date: /home/osten/Drone/install/sensor/share/sensor/package.xml
[0.381s] Invoked command in '/home/osten/Drone/build/sensor' returned '0': CMAKE_PREFIX_PATH=/home/osten/Drone/install/px4_msgs:/home/osten/Drone/install/test:/home/osten/Drone/install/system_launch:/home/osten/Drone/install/sensor:/home/osten/Drone/install/control:/opt/ros/jazzy/opt/sdformat_vendor:/opt/ros/jazzy/opt/gz_math_vendor:/opt/ros/jazzy/opt/gz_utils_vendor:/opt/ros/jazzy/opt/gz_tools_vendor:/opt/ros/jazzy/opt/gz_cmake_vendor:/opt/ros/jazzy DEBUGINFOD_URLS=https://debuginfod.ubuntu.com /usr/bin/cmake --install /home/osten/Drone/build/sensor
