[0.032s] Invoking command in '/home/osten/Drone/build/control': CMAKE_PREFIX_PATH=${CMAKE_PREFIX_PATH}:/opt/ros/jazzy DEBUGINFOD_URLS=https://debuginfod.ubuntu.com /usr/bin/cmake /home/osten/Drone/src/control -DCMAKE_INSTALL_PREFIX=/home/osten/Drone/install/control
[0.516s] -- The C compiler identification is GNU 13.3.0
[1.960s] -- The CXX compiler identification is GNU 13.3.0
[3.310s] -- Detecting C compiler ABI info
[3.735s] -- Detecting C compiler ABI info - done
[3.754s] -- Check for working C compiler: /usr/bin/cc - skipped
[3.754s] -- Detecting C compile features
[3.754s] -- Detecting C compile features - done
[3.953s] -- Detecting CXX compiler ABI info
[4.392s] -- Detecting CXX compiler ABI info - done
[4.404s] -- Check for working CXX compiler: /usr/bin/c++ - skipped
[4.405s] -- Detecting CXX compile features
[4.406s] -- Detecting CXX compile features - done
[4.434s] -- Found ament_cmake: 2.5.3 (/opt/ros/jazzy/share/ament_cmake/cmake)
[4.652s] -- Found Python3: /usr/bin/python3 (found version "3.12.3") found components: Interpreter 
[4.847s] -- Found builtin_interfaces: 2.0.2 (/opt/ros/jazzy/share/builtin_interfaces/cmake)
[5.265s] -- Found rosidl_generator_c: 4.6.5 (/opt/ros/jazzy/share/rosidl_generator_c/cmake)
[5.291s] -- Found rosidl_generator_cpp: 4.6.5 (/opt/ros/jazzy/share/rosidl_generator_cpp/cmake)
[5.333s] -- Using all available rosidl_typesupport_c: rosidl_typesupport_fastrtps_c;rosidl_typesupport_introspection_c
[5.370s] -- Using all available rosidl_typesupport_cpp: rosidl_typesupport_fastrtps_cpp;rosidl_typesupport_introspection_cpp
[5.400s] -- Found eigen3_cmake_module: 0.3.0 (/opt/ros/jazzy/share/eigen3_cmake_module/cmake)
[5.411s] -- Found Eigen3: TRUE (found version "3.4.0") 
[5.416s] -- Found geometry_msgs: 5.3.5 (/opt/ros/jazzy/share/geometry_msgs/cmake)
[7.327s] [31mCMake Error at CMakeLists.txt:14 (find_package):
[7.327s]   By not providing "Findpx4_msgs.cmake" in CMAKE_MODULE_PATH this project has
[7.327s]   asked CMake to find a package configuration file provided by "px4_msgs",
[7.327s]   but CMake did not find one.
[7.327s] 
[7.327s]   Could not find a package configuration file provided by "px4_msgs" with any
[7.327s]   of the following names:
[7.328s] 
[7.328s]     px4_msgsConfig.cmake
[7.328s]     px4_msgs-config.cmake
[7.328s] 
[7.328s]   Add the installation prefix of "px4_msgs" to CMAKE_PREFIX_PATH or set
[7.328s]   "px4_msgs_DIR" to a directory containing one of the above files.  If
[7.328s]   "px4_msgs" provides a separate development package or SDK, be sure it has
[7.328s]   been installed.
[7.328s] 
[7.328s] [0m
[7.329s] -- Configuring incomplete, errors occurred!
