[ 50%] [32mBuilding CXX object CMakeFiles/sensor_node.dir/src/sensor_node.cpp.o[0m
[100%] [32m[1mLinking CXX executable sensor_node[0m
[100%] Built target sensor_node
-- Install configuration: ""
-- Installing: /home/osten/Drone/install/sensor/lib/sensor/sensor_node
-- Set non-toolchain portion of runtime path of "/home/osten/Drone/install/sensor/lib/sensor/sensor_node" to ""
-- Installing: /home/osten/Drone/install/sensor/share/sensor//launch
-- Installing: /home/osten/Drone/install/sensor/share/sensor//launch/sensor.launch.py
-- Installing: /home/osten/Drone/install/sensor/share/ament_index/resource_index/package_run_dependencies/sensor
-- Installing: /home/osten/Drone/install/sensor/share/ament_index/resource_index/parent_prefix_path/sensor
-- Installing: /home/osten/Drone/install/sensor/share/sensor/environment/ament_prefix_path.sh
-- Installing: /home/osten/Drone/install/sensor/share/sensor/environment/ament_prefix_path.dsv
-- Installing: /home/osten/Drone/install/sensor/share/sensor/environment/path.sh
-- Installing: /home/osten/Drone/install/sensor/share/sensor/environment/path.dsv
-- Installing: /home/osten/Drone/install/sensor/share/sensor/local_setup.bash
-- Installing: /home/osten/Drone/install/sensor/share/sensor/local_setup.sh
-- Installing: /home/osten/Drone/install/sensor/share/sensor/local_setup.zsh
-- Installing: /home/osten/Drone/install/sensor/share/sensor/local_setup.dsv
-- Up-to-date: /home/osten/Drone/install/sensor/share/sensor/package.dsv
-- Installing: /home/osten/Drone/install/sensor/share/ament_index/resource_index/packages/sensor
-- Installing: /home/osten/Drone/install/sensor/share/sensor/cmake/ament_cmake_export_dependencies-extras.cmake
-- Installing: /home/osten/Drone/install/sensor/share/sensor/cmake/sensorConfig.cmake
-- Installing: /home/osten/Drone/install/sensor/share/sensor/cmake/sensorConfig-version.cmake
-- Installing: /home/osten/Drone/install/sensor/share/sensor/package.xml
