[0.257s] Invoking command in '/home/osten/Drone/build/control': CMAKE_PREFIX_PATH=/home/osten/Drone/install/px4_msgs:/home/osten/Drone/install/test:/home/osten/Drone/install/system_launch:/home/osten/Drone/install/sensor:/home/osten/Drone/install/control:/opt/ros/jazzy/opt/sdformat_vendor:/opt/ros/jazzy/opt/gz_math_vendor:/opt/ros/jazzy/opt/gz_utils_vendor:/opt/ros/jazzy/opt/gz_tools_vendor:/opt/ros/jazzy/opt/gz_cmake_vendor:/opt/ros/jazzy DEBUGINFOD_URLS=https://debuginfod.ubuntu.com /usr/bin/cmake --build /home/osten/Drone/build/control -- -j20 -l20
[0.330s] [100%] Built target control_node
[0.343s] Invoked command in '/home/osten/Drone/build/control' returned '0': CMAKE_PREFIX_PATH=/home/osten/Drone/install/px4_msgs:/home/osten/Drone/install/test:/home/osten/Drone/install/system_launch:/home/osten/Drone/install/sensor:/home/osten/Drone/install/control:/opt/ros/jazzy/opt/sdformat_vendor:/opt/ros/jazzy/opt/gz_math_vendor:/opt/ros/jazzy/opt/gz_utils_vendor:/opt/ros/jazzy/opt/gz_tools_vendor:/opt/ros/jazzy/opt/gz_cmake_vendor:/opt/ros/jazzy DEBUGINFOD_URLS=https://debuginfod.ubuntu.com /usr/bin/cmake --build /home/osten/Drone/build/control -- -j20 -l20
[0.346s] Invoking command in '/home/osten/Drone/build/control': CMAKE_PREFIX_PATH=/home/osten/Drone/install/px4_msgs:/home/osten/Drone/install/test:/home/osten/Drone/install/system_launch:/home/osten/Drone/install/sensor:/home/osten/Drone/install/control:/opt/ros/jazzy/opt/sdformat_vendor:/opt/ros/jazzy/opt/gz_math_vendor:/opt/ros/jazzy/opt/gz_utils_vendor:/opt/ros/jazzy/opt/gz_tools_vendor:/opt/ros/jazzy/opt/gz_cmake_vendor:/opt/ros/jazzy DEBUGINFOD_URLS=https://debuginfod.ubuntu.com /usr/bin/cmake --install /home/osten/Drone/build/control
[0.359s] -- Install configuration: ""
[0.359s] -- Up-to-date: /home/osten/Drone/install/control/lib/control/control_node
[0.360s] -- Up-to-date: /home/osten/Drone/install/control/share/control//launch
[0.360s] -- Up-to-date: /home/osten/Drone/install/control/share/control//launch/control.launch.py
[0.360s] -- Up-to-date: /home/osten/Drone/install/control/share/ament_index/resource_index/package_run_dependencies/control
[0.361s] -- Up-to-date: /home/osten/Drone/install/control/share/ament_index/resource_index/parent_prefix_path/control
[0.361s] -- Up-to-date: /home/osten/Drone/install/control/share/control/environment/ament_prefix_path.sh
[0.361s] -- Up-to-date: /home/osten/Drone/install/control/share/control/environment/ament_prefix_path.dsv
[0.361s] -- Up-to-date: /home/osten/Drone/install/control/share/control/environment/path.sh
[0.361s] -- Up-to-date: /home/osten/Drone/install/control/share/control/environment/path.dsv
[0.362s] -- Up-to-date: /home/osten/Drone/install/control/share/control/local_setup.bash
[0.362s] -- Up-to-date: /home/osten/Drone/install/control/share/control/local_setup.sh
[0.362s] -- Up-to-date: /home/osten/Drone/install/control/share/control/local_setup.zsh
[0.362s] -- Up-to-date: /home/osten/Drone/install/control/share/control/local_setup.dsv
[0.362s] -- Installing: /home/osten/Drone/install/control/share/control/package.dsv
[0.362s] -- Up-to-date: /home/osten/Drone/install/control/share/ament_index/resource_index/packages/control
[0.362s] -- Up-to-date: /home/osten/Drone/install/control/share/control/cmake/ament_cmake_export_dependencies-extras.cmake
[0.362s] -- Up-to-date: /home/osten/Drone/install/control/share/control/cmake/controlConfig.cmake
[0.362s] -- Up-to-date: /home/osten/Drone/install/control/share/control/cmake/controlConfig-version.cmake
[0.362s] -- Up-to-date: /home/osten/Drone/install/control/share/control/package.xml
[0.372s] Invoked command in '/home/osten/Drone/build/control' returned '0': CMAKE_PREFIX_PATH=/home/osten/Drone/install/px4_msgs:/home/osten/Drone/install/test:/home/osten/Drone/install/system_launch:/home/osten/Drone/install/sensor:/home/osten/Drone/install/control:/opt/ros/jazzy/opt/sdformat_vendor:/opt/ros/jazzy/opt/gz_math_vendor:/opt/ros/jazzy/opt/gz_utils_vendor:/opt/ros/jazzy/opt/gz_tools_vendor:/opt/ros/jazzy/opt/gz_cmake_vendor:/opt/ros/jazzy DEBUGINFOD_URLS=https://debuginfod.ubuntu.com /usr/bin/cmake --install /home/osten/Drone/build/control
