[0.255s] Invoking command in '/home/osten/Drone/build/sensor': AMENT_PREFIX_PATH=/home/osten/Drone/install/px4_msgs:${AMENT_PREFIX_PATH} CMAKE_PREFIX_PATH=/home/osten/Drone/install/px4_msgs:/opt/ros/jazzy/opt/sdformat_vendor:/opt/ros/jazzy/opt/gz_math_vendor:/opt/ros/jazzy/opt/gz_utils_vendor:/opt/ros/jazzy/opt/gz_tools_vendor:/opt/ros/jazzy/opt/gz_cmake_vendor:/opt/ros/jazzy DEBUGINFOD_URLS=https://debuginfod.ubuntu.com LD_LIBRARY_PATH=/home/osten/Drone/install/px4_msgs/lib:${LD_LIBRARY_PATH} PYTHONPATH=/home/osten/Drone/install/px4_msgs/lib/python3.12/site-packages:${PYTHONPATH} /usr/bin/cmake /home/osten/Drone/src/sensor -DCMAKE_INSTALL_PREFIX=/home/osten/Drone/install/sensor
[0.272s] -- Found ament_cmake: 2.5.3 (/opt/ros/jazzy/share/ament_cmake/cmake)
[0.569s] -- Found builtin_interfaces: 2.0.2 (/opt/ros/jazzy/share/builtin_interfaces/cmake)
[0.884s] -- Found rosidl_generator_c: 4.6.5 (/opt/ros/jazzy/share/rosidl_generator_c/cmake)
[0.895s] -- Found rosidl_generator_cpp: 4.6.5 (/opt/ros/jazzy/share/rosidl_generator_cpp/cmake)
[0.909s] -- Using all available rosidl_typesupport_c: rosidl_typesupport_fastrtps_c;rosidl_typesupport_introspection_c
[0.926s] -- Using all available rosidl_typesupport_cpp: rosidl_typesupport_fastrtps_cpp;rosidl_typesupport_introspection_cpp
[0.942s] -- Found eigen3_cmake_module: 0.3.0 (/opt/ros/jazzy/share/eigen3_cmake_module/cmake)
[0.948s] -- Found geometry_msgs: 5.3.5 (/opt/ros/jazzy/share/geometry_msgs/cmake)
[1.013s] -- Found px4_msgs: 2.0.1 (/home/osten/Drone/install/px4_msgs/share/px4_msgs/cmake)
[1.066s] -- Found rclcpp: 28.1.6 (/opt/ros/jazzy/share/rclcpp/cmake)
[1.173s] -- Found rmw_implementation_cmake: 7.3.1 (/opt/ros/jazzy/share/rmw_implementation_cmake/cmake)
[1.180s] -- Found rmw_fastrtps_cpp: 8.4.1 (/opt/ros/jazzy/share/rmw_fastrtps_cpp/cmake)
[1.306s] -- Found OpenSSL: /usr/lib/x86_64-linux-gnu/libcrypto.so (found version "3.0.13")  
[1.635s] -- Found FastRTPS: /opt/ros/jazzy/include (Required is at least version "2.13") 
[1.835s] -- Using RMW implementation 'rmw_fastrtps_cpp' as default
[2.231s] -- Found sensor_msgs: 5.3.5 (/opt/ros/jazzy/share/sensor_msgs/cmake)
[2.413s] -- Configuring done (2.2s)
[2.427s] -- Generating done (0.0s)
[2.435s] -- Build files have been written to: /home/osten/Drone/build/sensor
[2.451s] Invoked command in '/home/osten/Drone/build/sensor' returned '0': AMENT_PREFIX_PATH=/home/osten/Drone/install/px4_msgs:${AMENT_PREFIX_PATH} CMAKE_PREFIX_PATH=/home/osten/Drone/install/px4_msgs:/opt/ros/jazzy/opt/sdformat_vendor:/opt/ros/jazzy/opt/gz_math_vendor:/opt/ros/jazzy/opt/gz_utils_vendor:/opt/ros/jazzy/opt/gz_tools_vendor:/opt/ros/jazzy/opt/gz_cmake_vendor:/opt/ros/jazzy DEBUGINFOD_URLS=https://debuginfod.ubuntu.com LD_LIBRARY_PATH=/home/osten/Drone/install/px4_msgs/lib:${LD_LIBRARY_PATH} PYTHONPATH=/home/osten/Drone/install/px4_msgs/lib/python3.12/site-packages:${PYTHONPATH} /usr/bin/cmake /home/osten/Drone/src/sensor -DCMAKE_INSTALL_PREFIX=/home/osten/Drone/install/sensor
[2.452s] Invoking command in '/home/osten/Drone/build/sensor': AMENT_PREFIX_PATH=/home/osten/Drone/install/px4_msgs:${AMENT_PREFIX_PATH} CMAKE_PREFIX_PATH=/home/osten/Drone/install/px4_msgs:/opt/ros/jazzy/opt/sdformat_vendor:/opt/ros/jazzy/opt/gz_math_vendor:/opt/ros/jazzy/opt/gz_utils_vendor:/opt/ros/jazzy/opt/gz_tools_vendor:/opt/ros/jazzy/opt/gz_cmake_vendor:/opt/ros/jazzy DEBUGINFOD_URLS=https://debuginfod.ubuntu.com LD_LIBRARY_PATH=/home/osten/Drone/install/px4_msgs/lib:${LD_LIBRARY_PATH} PYTHONPATH=/home/osten/Drone/install/px4_msgs/lib/python3.12/site-packages:${PYTHONPATH} /usr/bin/cmake --build /home/osten/Drone/build/sensor -- -j20 -l20
[2.512s] [ 50%] [32mBuilding CXX object CMakeFiles/sensor_node.dir/src/sensor_node.cpp.o[0m
[2.535s] [100%] [32m[1mLinking CXX executable sensor_node[0m
[2.824s] /usr/bin/ld: /usr/lib/gcc/x86_64-linux-gnu/13/../../../x86_64-linux-gnu/Scrt1.o: in function `_start':
[2.824s] (.text+0x1b): undefined reference to `main'
[2.826s] collect2: error: ld returned 1 exit status
[2.828s] gmake[2]: *** [CMakeFiles/sensor_node.dir/build.make:171: sensor_node] Error 1
[2.829s] gmake[1]: *** [CMakeFiles/Makefile2:137: CMakeFiles/sensor_node.dir/all] Error 2
[2.829s] gmake: *** [Makefile:146: all] Error 2
[2.833s] Invoked command in '/home/osten/Drone/build/sensor' returned '2': AMENT_PREFIX_PATH=/home/osten/Drone/install/px4_msgs:${AMENT_PREFIX_PATH} CMAKE_PREFIX_PATH=/home/osten/Drone/install/px4_msgs:/opt/ros/jazzy/opt/sdformat_vendor:/opt/ros/jazzy/opt/gz_math_vendor:/opt/ros/jazzy/opt/gz_utils_vendor:/opt/ros/jazzy/opt/gz_tools_vendor:/opt/ros/jazzy/opt/gz_cmake_vendor:/opt/ros/jazzy DEBUGINFOD_URLS=https://debuginfod.ubuntu.com LD_LIBRARY_PATH=/home/osten/Drone/install/px4_msgs/lib:${LD_LIBRARY_PATH} PYTHONPATH=/home/osten/Drone/install/px4_msgs/lib/python3.12/site-packages:${PYTHONPATH} /usr/bin/cmake --build /home/osten/Drone/build/sensor -- -j20 -l20
