[0.595s] Invoking command in '/home/osten/Drone/build/system_launch': CMAKE_PREFIX_PATH=/home/osten/Drone/install/sensor:/home/osten/Drone/install/control:/home/osten/Drone/install/px4_msgs:/home/osten/Drone/install/test:/home/osten/Drone/install/system_launch:/opt/ros/jazzy/opt/sdformat_vendor:/opt/ros/jazzy/opt/gz_math_vendor:/opt/ros/jazzy/opt/gz_utils_vendor:/opt/ros/jazzy/opt/gz_tools_vendor:/opt/ros/jazzy/opt/gz_cmake_vendor:/opt/ros/jazzy DEBUGINFOD_URLS=https://debuginfod.ubuntu.com /usr/bin/cmake --build /home/osten/Drone/build/system_launch -- -j20 -l20
[0.636s] Invoked command in '/home/osten/Drone/build/system_launch' returned '0': CMAKE_PREFIX_PATH=/home/osten/Drone/install/sensor:/home/osten/Drone/install/control:/home/osten/Drone/install/px4_msgs:/home/osten/Drone/install/test:/home/osten/Drone/install/system_launch:/opt/ros/jazzy/opt/sdformat_vendor:/opt/ros/jazzy/opt/gz_math_vendor:/opt/ros/jazzy/opt/gz_utils_vendor:/opt/ros/jazzy/opt/gz_tools_vendor:/opt/ros/jazzy/opt/gz_cmake_vendor:/opt/ros/jazzy DEBUGINFOD_URLS=https://debuginfod.ubuntu.com /usr/bin/cmake --build /home/osten/Drone/build/system_launch -- -j20 -l20
[0.637s] Invoking command in '/home/osten/Drone/build/system_launch': CMAKE_PREFIX_PATH=/home/osten/Drone/install/sensor:/home/osten/Drone/install/control:/home/osten/Drone/install/px4_msgs:/home/osten/Drone/install/test:/home/osten/Drone/install/system_launch:/opt/ros/jazzy/opt/sdformat_vendor:/opt/ros/jazzy/opt/gz_math_vendor:/opt/ros/jazzy/opt/gz_utils_vendor:/opt/ros/jazzy/opt/gz_tools_vendor:/opt/ros/jazzy/opt/gz_cmake_vendor:/opt/ros/jazzy DEBUGINFOD_URLS=https://debuginfod.ubuntu.com /usr/bin/cmake --install /home/osten/Drone/build/system_launch
[0.646s] -- Install configuration: ""
[0.646s] -- Up-to-date: /home/osten/Drone/install/system_launch/share/system_launch/launch
[0.646s] -- Up-to-date: /home/osten/Drone/install/system_launch/share/system_launch/launch/main.launch.py
[0.647s] -- Up-to-date: /home/osten/Drone/install/system_launch/share/ament_index/resource_index/package_run_dependencies/system_launch
[0.647s] -- Up-to-date: /home/osten/Drone/install/system_launch/share/ament_index/resource_index/parent_prefix_path/system_launch
[0.649s] -- Up-to-date: /home/osten/Drone/install/system_launch/share/system_launch/environment/ament_prefix_path.sh
[0.650s] -- Up-to-date: /home/osten/Drone/install/system_launch/share/system_launch/environment/ament_prefix_path.dsv
[0.650s] -- Up-to-date: /home/osten/Drone/install/system_launch/share/system_launch/environment/path.sh
[0.650s] -- Up-to-date: /home/osten/Drone/install/system_launch/share/system_launch/environment/path.dsv
[0.651s] -- Up-to-date: /home/osten/Drone/install/system_launch/share/system_launch/local_setup.bash
[0.651s] -- Up-to-date: /home/osten/Drone/install/system_launch/share/system_launch/local_setup.sh
[0.651s] -- Up-to-date: /home/osten/Drone/install/system_launch/share/system_launch/local_setup.zsh
[0.651s] -- Up-to-date: /home/osten/Drone/install/system_launch/share/system_launch/local_setup.dsv
[0.651s] -- Up-to-date: /home/osten/Drone/install/system_launch/share/system_launch/package.dsv
[0.651s] -- Up-to-date: /home/osten/Drone/install/system_launch/share/ament_index/resource_index/packages/system_launch
[0.651s] -- Up-to-date: /home/osten/Drone/install/system_launch/share/system_launch/cmake/system_launchConfig.cmake
[0.652s] -- Up-to-date: /home/osten/Drone/install/system_launch/share/system_launch/cmake/system_launchConfig-version.cmake
[0.652s] -- Up-to-date: /home/osten/Drone/install/system_launch/share/system_launch/package.xml
[0.652s] Invoked command in '/home/osten/Drone/build/system_launch' returned '0': CMAKE_PREFIX_PATH=/home/osten/Drone/install/sensor:/home/osten/Drone/install/control:/home/osten/Drone/install/px4_msgs:/home/osten/Drone/install/test:/home/osten/Drone/install/system_launch:/opt/ros/jazzy/opt/sdformat_vendor:/opt/ros/jazzy/opt/gz_math_vendor:/opt/ros/jazzy/opt/gz_utils_vendor:/opt/ros/jazzy/opt/gz_tools_vendor:/opt/ros/jazzy/opt/gz_cmake_vendor:/opt/ros/jazzy DEBUGINFOD_URLS=https://debuginfod.ubuntu.com /usr/bin/cmake --install /home/osten/Drone/build/system_launch
