[0.318s] Invoking command in '/home/osten/Drone/build/control': AMENT_PREFIX_PATH=/home/osten/Drone/install/px4_msgs:${AMENT_PREFIX_PATH} CMAKE_PREFIX_PATH=/home/osten/Drone/install/px4_msgs:/opt/ros/jazzy/opt/sdformat_vendor:/opt/ros/jazzy/opt/gz_math_vendor:/opt/ros/jazzy/opt/gz_utils_vendor:/opt/ros/jazzy/opt/gz_tools_vendor:/opt/ros/jazzy/opt/gz_cmake_vendor:/opt/ros/jazzy DEBUGINFOD_URLS=https://debuginfod.ubuntu.com LD_LIBRARY_PATH=/home/osten/Drone/install/px4_msgs/lib:${LD_LIBRARY_PATH} PYTHONPATH=/home/osten/Drone/install/px4_msgs/lib/python3.12/site-packages:${PYTHONPATH} /usr/bin/cmake --build /home/osten/Drone/build/control -- -j20 -l20
[0.380s] [ 50%] [32mBuilding CXX object CMakeFiles/control_node.dir/src/control_node.cpp.o[0m
[4.443s] [100%] [32m[1mLinking CXX executable control_node[0m
[4.832s] [100%] Built target control_node
[4.844s] Invoked command in '/home/osten/Drone/build/control' returned '0': AMENT_PREFIX_PATH=/home/osten/Drone/install/px4_msgs:${AMENT_PREFIX_PATH} CMAKE_PREFIX_PATH=/home/osten/Drone/install/px4_msgs:/opt/ros/jazzy/opt/sdformat_vendor:/opt/ros/jazzy/opt/gz_math_vendor:/opt/ros/jazzy/opt/gz_utils_vendor:/opt/ros/jazzy/opt/gz_tools_vendor:/opt/ros/jazzy/opt/gz_cmake_vendor:/opt/ros/jazzy DEBUGINFOD_URLS=https://debuginfod.ubuntu.com LD_LIBRARY_PATH=/home/osten/Drone/install/px4_msgs/lib:${LD_LIBRARY_PATH} PYTHONPATH=/home/osten/Drone/install/px4_msgs/lib/python3.12/site-packages:${PYTHONPATH} /usr/bin/cmake --build /home/osten/Drone/build/control -- -j20 -l20
[4.846s] Invoking command in '/home/osten/Drone/build/control': AMENT_PREFIX_PATH=/home/osten/Drone/install/px4_msgs:${AMENT_PREFIX_PATH} CMAKE_PREFIX_PATH=/home/osten/Drone/install/px4_msgs:/opt/ros/jazzy/opt/sdformat_vendor:/opt/ros/jazzy/opt/gz_math_vendor:/opt/ros/jazzy/opt/gz_utils_vendor:/opt/ros/jazzy/opt/gz_tools_vendor:/opt/ros/jazzy/opt/gz_cmake_vendor:/opt/ros/jazzy DEBUGINFOD_URLS=https://debuginfod.ubuntu.com LD_LIBRARY_PATH=/home/osten/Drone/install/px4_msgs/lib:${LD_LIBRARY_PATH} PYTHONPATH=/home/osten/Drone/install/px4_msgs/lib/python3.12/site-packages:${PYTHONPATH} /usr/bin/cmake --install /home/osten/Drone/build/control
[4.854s] -- Install configuration: ""
[4.855s] -- Installing: /home/osten/Drone/install/control/lib/control/control_node
[4.855s] -- Set non-toolchain portion of runtime path of "/home/osten/Drone/install/control/lib/control/control_node" to ""
[4.855s] -- Installing: /home/osten/Drone/install/control/share/control//launch
[4.856s] -- Installing: /home/osten/Drone/install/control/share/control//launch/control.launch.py
[4.856s] -- Installing: /home/osten/Drone/install/control/share/ament_index/resource_index/package_run_dependencies/control
[4.856s] -- Installing: /home/osten/Drone/install/control/share/ament_index/resource_index/parent_prefix_path/control
[4.856s] -- Installing: /home/osten/Drone/install/control/share/control/environment/ament_prefix_path.sh
[4.857s] -- Installing: /home/osten/Drone/install/control/share/control/environment/ament_prefix_path.dsv
[4.857s] -- Installing: /home/osten/Drone/install/control/share/control/environment/path.sh
[4.857s] -- Installing: /home/osten/Drone/install/control/share/control/environment/path.dsv
[4.857s] -- Installing: /home/osten/Drone/install/control/share/control/local_setup.bash
[4.858s] -- Installing: /home/osten/Drone/install/control/share/control/local_setup.sh
[4.858s] -- Installing: /home/osten/Drone/install/control/share/control/local_setup.zsh
[4.858s] -- Installing: /home/osten/Drone/install/control/share/control/local_setup.dsv
[4.858s] -- Up-to-date: /home/osten/Drone/install/control/share/control/package.dsv
[4.859s] -- Installing: /home/osten/Drone/install/control/share/ament_index/resource_index/packages/control
[4.859s] -- Installing: /home/osten/Drone/install/control/share/control/cmake/ament_cmake_export_dependencies-extras.cmake
[4.859s] -- Installing: /home/osten/Drone/install/control/share/control/cmake/controlConfig.cmake
[4.859s] -- Installing: /home/osten/Drone/install/control/share/control/cmake/controlConfig-version.cmake
[4.860s] -- Installing: /home/osten/Drone/install/control/share/control/package.xml
[4.862s] Invoked command in '/home/osten/Drone/build/control' returned '0': AMENT_PREFIX_PATH=/home/osten/Drone/install/px4_msgs:${AMENT_PREFIX_PATH} CMAKE_PREFIX_PATH=/home/osten/Drone/install/px4_msgs:/opt/ros/jazzy/opt/sdformat_vendor:/opt/ros/jazzy/opt/gz_math_vendor:/opt/ros/jazzy/opt/gz_utils_vendor:/opt/ros/jazzy/opt/gz_tools_vendor:/opt/ros/jazzy/opt/gz_cmake_vendor:/opt/ros/jazzy DEBUGINFOD_URLS=https://debuginfod.ubuntu.com LD_LIBRARY_PATH=/home/osten/Drone/install/px4_msgs/lib:${LD_LIBRARY_PATH} PYTHONPATH=/home/osten/Drone/install/px4_msgs/lib/python3.12/site-packages:${PYTHONPATH} /usr/bin/cmake --install /home/osten/Drone/build/control
