[0.025s] Invoking command in '/home/osten/Drone/build/sensor': CMAKE_PREFIX_PATH=${CMAKE_PREFIX_PATH}:/opt/ros/jazzy DEBUGINFOD_URLS=https://debuginfod.ubuntu.com /usr/bin/cmake /home/osten/Drone/src/sensor -DCMAKE_INSTALL_PREFIX=/home/osten/Drone/install/sensor
[0.500s] -- The C compiler identification is GNU 13.3.0
[2.096s] -- The CXX compiler identification is GNU 13.3.0
[3.447s] -- Detecting C compiler ABI info
[4.041s] -- Detecting C compiler ABI info - done
[4.054s] -- Check for working C compiler: /usr/bin/cc - skipped
[4.054s] -- Detecting C compile features
[4.055s] -- Detecting C compile features - done
[4.276s] -- Detecting CXX compiler ABI info
[4.903s] -- Detecting CXX compiler ABI info - done
[4.918s] -- Check for working CXX compiler: /usr/bin/c++ - skipped
[4.918s] -- Detecting CXX compile features
[4.919s] -- Detecting CXX compile features - done
[4.922s] -- Found ament_cmake: 2.5.3 (/opt/ros/jazzy/share/ament_cmake/cmake)
[5.143s] -- Found Python3: /usr/bin/python3 (found version "3.12.3") found components: Interpreter 
[5.270s] -- Found builtin_interfaces: 2.0.2 (/opt/ros/jazzy/share/builtin_interfaces/cmake)
[5.701s] -- Found rosidl_generator_c: 4.6.5 (/opt/ros/jazzy/share/rosidl_generator_c/cmake)
[5.718s] -- Found rosidl_generator_cpp: 4.6.5 (/opt/ros/jazzy/share/rosidl_generator_cpp/cmake)
[5.740s] -- Using all available rosidl_typesupport_c: rosidl_typesupport_fastrtps_c;rosidl_typesupport_introspection_c
[5.761s] -- Using all available rosidl_typesupport_cpp: rosidl_typesupport_fastrtps_cpp;rosidl_typesupport_introspection_cpp
[5.785s] -- Found eigen3_cmake_module: 0.3.0 (/opt/ros/jazzy/share/eigen3_cmake_module/cmake)
[5.791s] -- Found Eigen3: TRUE (found version "3.4.0") 
[5.793s] -- Found geometry_msgs: 5.3.5 (/opt/ros/jazzy/share/geometry_msgs/cmake)
[9.580s] [31mCMake Error at CMakeLists.txt:14 (find_package):
[9.580s]   By not providing "Findpx4_msgs.cmake" in CMAKE_MODULE_PATH this project has
[9.580s]   asked CMake to find a package configuration file provided by "px4_msgs",
[9.580s]   but CMake did not find one.
[9.580s] 
[9.580s]   Could not find a package configuration file provided by "px4_msgs" with any
[9.580s]   of the following names:
[9.580s] 
[9.580s]     px4_msgsConfig.cmake
[9.580s]     px4_msgs-config.cmake
[9.580s] 
[9.581s]   Add the installation prefix of "px4_msgs" to CMAKE_PREFIX_PATH or set
[9.581s]   "px4_msgs_DIR" to a directory containing one of the above files.  If
[9.581s]   "px4_msgs" provides a separate development package or SDK, be sure it has
[9.581s]   been installed.
[9.581s] 
[9.581s] [0m
[9.581s] -- Configuring incomplete, errors occurred!
